{"C:\\Users\\jkr99\\WebProjects\\Movie-db-site\\src\\client\\index.jsx": {"path":"C:\\Users\\jkr99\\WebProjects\\Movie-db-site\\src\\client\\index.jsx","statementMap":{"0":{"start":{"line":16,"column":8},"end":{"line":16,"column":20}},"1":{"start":{"line":18,"column":8},"end":{"line":20,"column":9}},"2":{"start":{"line":23,"column":25},"end":{"line":25,"column":5}},"3":{"start":{"line":24,"column":6},"end":{"line":24,"column":40}},"4":{"start":{"line":28,"column":8},"end":{"line":61,"column":9}},"5":{"start":{"line":33,"column":48},"end":{"line":35,"column":101}},"6":{"start":{"line":37,"column":48},"end":{"line":39,"column":102}},"7":{"start":{"line":41,"column":48},"end":{"line":43,"column":100}},"8":{"start":{"line":45,"column":48},"end":{"line":47,"column":100}},"9":{"start":{"line":49,"column":48},"end":{"line":51,"column":100}},"10":{"start":{"line":54,"column":48},"end":{"line":56,"column":100}},"11":{"start":{"line":65,"column":0},"end":{"line":65,"column":55}}},"fnMap":{"0":{"name":"(anonymous_0)","decl":{"start":{"line":15,"column":4},"end":{"line":15,"column":5}},"loc":{"start":{"line":15,"column":23},"end":{"line":21,"column":5}},"line":15},"1":{"name":"(anonymous_1)","decl":{"start":{"line":23,"column":25},"end":{"line":23,"column":26}},"loc":{"start":{"line":23,"column":39},"end":{"line":25,"column":5}},"line":23},"2":{"name":"(anonymous_2)","decl":{"start":{"line":27,"column":4},"end":{"line":27,"column":5}},"loc":{"start":{"line":27,"column":13},"end":{"line":62,"column":5}},"line":27},"3":{"name":"(anonymous_3)","decl":{"start":{"line":33,"column":39},"end":{"line":33,"column":40}},"loc":{"start":{"line":33,"column":48},"end":{"line":35,"column":101}},"line":33},"4":{"name":"(anonymous_4)","decl":{"start":{"line":37,"column":39},"end":{"line":37,"column":40}},"loc":{"start":{"line":37,"column":48},"end":{"line":39,"column":102}},"line":37},"5":{"name":"(anonymous_5)","decl":{"start":{"line":41,"column":39},"end":{"line":41,"column":40}},"loc":{"start":{"line":41,"column":48},"end":{"line":43,"column":100}},"line":41},"6":{"name":"(anonymous_6)","decl":{"start":{"line":45,"column":39},"end":{"line":45,"column":40}},"loc":{"start":{"line":45,"column":48},"end":{"line":47,"column":100}},"line":45},"7":{"name":"(anonymous_7)","decl":{"start":{"line":49,"column":39},"end":{"line":49,"column":40}},"loc":{"start":{"line":49,"column":48},"end":{"line":51,"column":100}},"line":49},"8":{"name":"(anonymous_8)","decl":{"start":{"line":54,"column":39},"end":{"line":54,"column":40}},"loc":{"start":{"line":54,"column":48},"end":{"line":56,"column":100}},"line":54}},"branchMap":{},"s":{"0":0,"1":0,"2":0,"3":0,"4":0,"5":0,"6":0,"7":0,"8":0,"9":0,"10":0,"11":0},"f":{"0":0,"1":0,"2":0,"3":0,"4":0,"5":0,"6":0,"7":0,"8":0},"b":{},"hash":"6046de6795348ff73c4bc2d3f5145af25473e4e4"}
,"C:\\Users\\jkr99\\WebProjects\\Movie-db-site\\src\\client\\components\\addMovie.jsx": {"path":"C:\\Users\\jkr99\\WebProjects\\Movie-db-site\\src\\client\\components\\addMovie.jsx","statementMap":{"0":{"start":{"line":13,"column":8},"end":{"line":13,"column":20}},"1":{"start":{"line":15,"column":8},"end":{"line":17,"column":9}},"2":{"start":{"line":21,"column":18},"end":{"line":58,"column":5}},"3":{"start":{"line":23,"column":22},"end":{"line":29,"column":9}},"4":{"start":{"line":33,"column":8},"end":{"line":43,"column":9}},"5":{"start":{"line":34,"column":12},"end":{"line":40,"column":15}},"6":{"start":{"line":42,"column":12},"end":{"line":42,"column":34}},"7":{"start":{"line":45,"column":8},"end":{"line":48,"column":9}},"8":{"start":{"line":46,"column":12},"end":{"line":46,"column":74}},"9":{"start":{"line":47,"column":12},"end":{"line":47,"column":19}},"10":{"start":{"line":49,"column":8},"end":{"line":52,"column":9}},"11":{"start":{"line":50,"column":12},"end":{"line":50,"column":62}},"12":{"start":{"line":51,"column":12},"end":{"line":51,"column":19}},"13":{"start":{"line":53,"column":8},"end":{"line":56,"column":9}},"14":{"start":{"line":54,"column":12},"end":{"line":54,"column":61}},"15":{"start":{"line":55,"column":12},"end":{"line":55,"column":19}},"16":{"start":{"line":60,"column":23},"end":{"line":69,"column":5}},"17":{"start":{"line":61,"column":8},"end":{"line":68,"column":9}},"18":{"start":{"line":71,"column":24},"end":{"line":82,"column":5}},"19":{"start":{"line":72,"column":8},"end":{"line":81,"column":9}},"20":{"start":{"line":88,"column":8},"end":{"line":95,"column":9}},"21":{"start":{"line":89,"column":12},"end":{"line":89,"column":41}},"22":{"start":{"line":90,"column":12},"end":{"line":90,"column":58}},"23":{"start":{"line":91,"column":15},"end":{"line":95,"column":9}},"24":{"start":{"line":92,"column":12},"end":{"line":92,"column":46}},"25":{"start":{"line":94,"column":12},"end":{"line":94,"column":45}},"26":{"start":{"line":97,"column":8},"end":{"line":109,"column":9}}},"fnMap":{"0":{"name":"(anonymous_0)","decl":{"start":{"line":12,"column":4},"end":{"line":12,"column":5}},"loc":{"start":{"line":12,"column":23},"end":{"line":19,"column":5}},"line":12},"1":{"name":"(anonymous_1)","decl":{"start":{"line":21,"column":18},"end":{"line":21,"column":19}},"loc":{"start":{"line":21,"column":35},"end":{"line":58,"column":5}},"line":21},"2":{"name":"(anonymous_2)","decl":{"start":{"line":60,"column":23},"end":{"line":60,"column":24}},"loc":{"start":{"line":60,"column":29},"end":{"line":69,"column":5}},"line":60},"3":{"name":"(anonymous_3)","decl":{"start":{"line":71,"column":24},"end":{"line":71,"column":25}},"loc":{"start":{"line":71,"column":30},"end":{"line":82,"column":5}},"line":71},"4":{"name":"(anonymous_4)","decl":{"start":{"line":84,"column":4},"end":{"line":84,"column":5}},"loc":{"start":{"line":84,"column":13},"end":{"line":110,"column":5}},"line":84}},"branchMap":{"0":{"loc":{"start":{"line":45,"column":8},"end":{"line":48,"column":9}},"type":"if","locations":[{"start":{"line":45,"column":8},"end":{"line":48,"column":9}},{"start":{"line":45,"column":8},"end":{"line":48,"column":9}}],"line":45},"1":{"loc":{"start":{"line":49,"column":8},"end":{"line":52,"column":9}},"type":"if","locations":[{"start":{"line":49,"column":8},"end":{"line":52,"column":9}},{"start":{"line":49,"column":8},"end":{"line":52,"column":9}}],"line":49},"2":{"loc":{"start":{"line":53,"column":8},"end":{"line":56,"column":9}},"type":"if","locations":[{"start":{"line":53,"column":8},"end":{"line":56,"column":9}},{"start":{"line":53,"column":8},"end":{"line":56,"column":9}}],"line":53},"3":{"loc":{"start":{"line":88,"column":8},"end":{"line":95,"column":9}},"type":"if","locations":[{"start":{"line":88,"column":8},"end":{"line":95,"column":9}},{"start":{"line":88,"column":8},"end":{"line":95,"column":9}}],"line":88},"4":{"loc":{"start":{"line":91,"column":15},"end":{"line":95,"column":9}},"type":"if","locations":[{"start":{"line":91,"column":15},"end":{"line":95,"column":9}},{"start":{"line":91,"column":15},"end":{"line":95,"column":9}}],"line":91}},"s":{"0":2,"1":2,"2":2,"3":0,"4":0,"5":0,"6":0,"7":0,"8":0,"9":0,"10":0,"11":0,"12":0,"13":0,"14":0,"15":0,"16":2,"17":1,"18":2,"19":1,"20":2,"21":0,"22":0,"23":2,"24":1,"25":1,"26":2},"f":{"0":2,"1":0,"2":1,"3":1,"4":2},"b":{"0":[0,0],"1":[0,0],"2":[0,0],"3":[0,2],"4":[1,1]},"_coverageSchema":"43e27e138ebf9cfc5966b082cf9a028302ed4184","hash":"3fad24f957d016bc870bbffd9f681b6d88f6cb51"}
,"C:\\Users\\jkr99\\WebProjects\\Movie-db-site\\src\\client\\components\\editMovie.jsx": {"path":"C:\\Users\\jkr99\\WebProjects\\Movie-db-site\\src\\client\\components\\editMovie.jsx","statementMap":{"0":{"start":{"line":13,"column":8},"end":{"line":13,"column":20}},"1":{"start":{"line":15,"column":8},"end":{"line":23,"column":9}},"2":{"start":{"line":28,"column":19},"end":{"line":28,"column":71}},"3":{"start":{"line":29,"column":8},"end":{"line":29,"column":31}},"4":{"start":{"line":30,"column":8},"end":{"line":30,"column":28}},"5":{"start":{"line":33,"column":17},"end":{"line":70,"column":5}},"6":{"start":{"line":38,"column":8},"end":{"line":48,"column":9}},"7":{"start":{"line":40,"column":24},"end":{"line":40,"column":43}},"8":{"start":{"line":42,"column":12},"end":{"line":42,"column":39}},"9":{"start":{"line":43,"column":12},"end":{"line":43,"column":44}},"10":{"start":{"line":46,"column":12},"end":{"line":46,"column":39}},"11":{"start":{"line":47,"column":12},"end":{"line":47,"column":19}},"12":{"start":{"line":51,"column":8},"end":{"line":54,"column":9}},"13":{"start":{"line":52,"column":12},"end":{"line":52,"column":51}},"14":{"start":{"line":53,"column":12},"end":{"line":53,"column":19}},"15":{"start":{"line":56,"column":8},"end":{"line":59,"column":9}},"16":{"start":{"line":57,"column":12},"end":{"line":57,"column":93}},"17":{"start":{"line":58,"column":12},"end":{"line":58,"column":19}},"18":{"start":{"line":61,"column":8},"end":{"line":68,"column":10}},"19":{"start":{"line":72,"column":16},"end":{"line":112,"column":5}},"20":{"start":{"line":74,"column":22},"end":{"line":80,"column":9}},"21":{"start":{"line":83,"column":8},"end":{"line":94,"column":9}},"22":{"start":{"line":84,"column":12},"end":{"line":90,"column":14}},"23":{"start":{"line":93,"column":12},"end":{"line":93,"column":34}},"24":{"start":{"line":96,"column":8},"end":{"line":99,"column":9}},"25":{"start":{"line":97,"column":12},"end":{"line":97,"column":78}},"26":{"start":{"line":98,"column":12},"end":{"line":98,"column":19}},"27":{"start":{"line":101,"column":8},"end":{"line":105,"column":9}},"28":{"start":{"line":102,"column":12},"end":{"line":102,"column":48}},"29":{"start":{"line":103,"column":12},"end":{"line":103,"column":73}},"30":{"start":{"line":104,"column":12},"end":{"line":104,"column":19}},"31":{"start":{"line":107,"column":8},"end":{"line":110,"column":9}},"32":{"start":{"line":108,"column":12},"end":{"line":108,"column":66}},"33":{"start":{"line":109,"column":12},"end":{"line":109,"column":19}},"34":{"start":{"line":114,"column":23},"end":{"line":127,"column":5}},"35":{"start":{"line":115,"column":8},"end":{"line":126,"column":9}},"36":{"start":{"line":129,"column":24},"end":{"line":140,"column":5}},"37":{"start":{"line":130,"column":8},"end":{"line":139,"column":9}},"38":{"start":{"line":145,"column":8},"end":{"line":151,"column":9}},"39":{"start":{"line":146,"column":12},"end":{"line":146,"column":58}},"40":{"start":{"line":147,"column":15},"end":{"line":151,"column":9}},"41":{"start":{"line":148,"column":12},"end":{"line":148,"column":46}},"42":{"start":{"line":150,"column":12},"end":{"line":150,"column":45}},"43":{"start":{"line":153,"column":8},"end":{"line":165,"column":9}}},"fnMap":{"0":{"name":"(anonymous_0)","decl":{"start":{"line":12,"column":4},"end":{"line":12,"column":5}},"loc":{"start":{"line":12,"column":23},"end":{"line":25,"column":5}},"line":12},"1":{"name":"(anonymous_1)","decl":{"start":{"line":27,"column":4},"end":{"line":27,"column":5}},"loc":{"start":{"line":27,"column":24},"end":{"line":31,"column":5}},"line":27},"2":{"name":"(anonymous_2)","decl":{"start":{"line":33,"column":17},"end":{"line":33,"column":18}},"loc":{"start":{"line":33,"column":31},"end":{"line":70,"column":5}},"line":33},"3":{"name":"(anonymous_3)","decl":{"start":{"line":72,"column":16},"end":{"line":72,"column":17}},"loc":{"start":{"line":72,"column":33},"end":{"line":112,"column":5}},"line":72},"4":{"name":"(anonymous_4)","decl":{"start":{"line":114,"column":23},"end":{"line":114,"column":24}},"loc":{"start":{"line":114,"column":29},"end":{"line":127,"column":5}},"line":114},"5":{"name":"(anonymous_5)","decl":{"start":{"line":129,"column":24},"end":{"line":129,"column":25}},"loc":{"start":{"line":129,"column":30},"end":{"line":140,"column":5}},"line":129},"6":{"name":"(anonymous_6)","decl":{"start":{"line":142,"column":4},"end":{"line":142,"column":5}},"loc":{"start":{"line":142,"column":13},"end":{"line":166,"column":5}},"line":142}},"branchMap":{"0":{"loc":{"start":{"line":51,"column":8},"end":{"line":54,"column":9}},"type":"if","locations":[{"start":{"line":51,"column":8},"end":{"line":54,"column":9}},{"start":{"line":51,"column":8},"end":{"line":54,"column":9}}],"line":51},"1":{"loc":{"start":{"line":56,"column":8},"end":{"line":59,"column":9}},"type":"if","locations":[{"start":{"line":56,"column":8},"end":{"line":59,"column":9}},{"start":{"line":56,"column":8},"end":{"line":59,"column":9}}],"line":56},"2":{"loc":{"start":{"line":96,"column":8},"end":{"line":99,"column":9}},"type":"if","locations":[{"start":{"line":96,"column":8},"end":{"line":99,"column":9}},{"start":{"line":96,"column":8},"end":{"line":99,"column":9}}],"line":96},"3":{"loc":{"start":{"line":101,"column":8},"end":{"line":105,"column":9}},"type":"if","locations":[{"start":{"line":101,"column":8},"end":{"line":105,"column":9}},{"start":{"line":101,"column":8},"end":{"line":105,"column":9}}],"line":101},"4":{"loc":{"start":{"line":107,"column":8},"end":{"line":110,"column":9}},"type":"if","locations":[{"start":{"line":107,"column":8},"end":{"line":110,"column":9}},{"start":{"line":107,"column":8},"end":{"line":110,"column":9}}],"line":107},"5":{"loc":{"start":{"line":145,"column":8},"end":{"line":151,"column":9}},"type":"if","locations":[{"start":{"line":145,"column":8},"end":{"line":151,"column":9}},{"start":{"line":145,"column":8},"end":{"line":151,"column":9}}],"line":145},"6":{"loc":{"start":{"line":147,"column":15},"end":{"line":151,"column":9}},"type":"if","locations":[{"start":{"line":147,"column":15},"end":{"line":151,"column":9}},{"start":{"line":147,"column":15},"end":{"line":151,"column":9}}],"line":147}},"s":{"0":1,"1":1,"2":1,"3":1,"4":1,"5":1,"6":1,"7":1,"8":1,"9":1,"10":0,"11":0,"12":1,"13":0,"14":0,"15":1,"16":1,"17":1,"18":0,"19":1,"20":0,"21":0,"22":0,"23":0,"24":0,"25":0,"26":0,"27":0,"28":0,"29":0,"30":0,"31":0,"32":0,"33":0,"34":1,"35":0,"36":1,"37":2,"38":3,"39":1,"40":2,"41":2,"42":0,"43":3},"f":{"0":1,"1":1,"2":1,"3":0,"4":0,"5":2,"6":3},"b":{"0":[0,1],"1":[1,0],"2":[0,0],"3":[0,0],"4":[0,0],"5":[1,2],"6":[2,0]},"_coverageSchema":"43e27e138ebf9cfc5966b082cf9a028302ed4184","hash":"7500334ae3a2d0337470c13e794577c818613c92"}
,"C:\\Users\\jkr99\\WebProjects\\Movie-db-site\\src\\client\\components\\header.jsx": {"path":"C:\\Users\\jkr99\\WebProjects\\Movie-db-site\\src\\client\\components\\header.jsx","statementMap":{"0":{"start":{"line":13,"column":8},"end":{"line":13,"column":20}},"1":{"start":{"line":15,"column":8},"end":{"line":17,"column":9}},"2":{"start":{"line":21,"column":8},"end":{"line":21,"column":30}},"3":{"start":{"line":24,"column":20},"end":{"line":52,"column":4}},"4":{"start":{"line":29,"column":4},"end":{"line":35,"column":5}},"5":{"start":{"line":30,"column":8},"end":{"line":30,"column":43}},"6":{"start":{"line":31,"column":8},"end":{"line":31,"column":39}},"7":{"start":{"line":33,"column":8},"end":{"line":33,"column":30}},"8":{"start":{"line":34,"column":8},"end":{"line":34,"column":15}},"9":{"start":{"line":37,"column":4},"end":{"line":40,"column":5}},"10":{"start":{"line":38,"column":8},"end":{"line":38,"column":44}},"11":{"start":{"line":39,"column":8},"end":{"line":39,"column":15}},"12":{"start":{"line":42,"column":4},"end":{"line":45,"column":5}},"13":{"start":{"line":43,"column":8},"end":{"line":43,"column":44}},"14":{"start":{"line":44,"column":8},"end":{"line":44,"column":15}},"15":{"start":{"line":47,"column":4},"end":{"line":50,"column":5}},"16":{"start":{"line":48,"column":8},"end":{"line":48,"column":55}},"17":{"start":{"line":49,"column":8},"end":{"line":49,"column":15}},"18":{"start":{"line":54,"column":12},"end":{"line":76,"column":4}},"19":{"start":{"line":57,"column":8},"end":{"line":63,"column":9}},"20":{"start":{"line":58,"column":12},"end":{"line":60,"column":14}},"21":{"start":{"line":62,"column":12},"end":{"line":62,"column":34}},"22":{"start":{"line":65,"column":8},"end":{"line":67,"column":9}},"23":{"start":{"line":66,"column":12},"end":{"line":66,"column":59}},"24":{"start":{"line":69,"column":8},"end":{"line":71,"column":9}},"25":{"start":{"line":70,"column":12},"end":{"line":70,"column":63}},"26":{"start":{"line":73,"column":8},"end":{"line":75,"column":9}},"27":{"start":{"line":74,"column":12},"end":{"line":74,"column":48}},"28":{"start":{"line":78,"column":23},"end":{"line":84,"column":4}},"29":{"start":{"line":79,"column":8},"end":{"line":83,"column":9}},"30":{"start":{"line":80,"column":12},"end":{"line":80,"column":46}},"31":{"start":{"line":82,"column":12},"end":{"line":82,"column":25}},"32":{"start":{"line":88,"column":8},"end":{"line":106,"column":9}}},"fnMap":{"0":{"name":"(anonymous_0)","decl":{"start":{"line":12,"column":4},"end":{"line":12,"column":5}},"loc":{"start":{"line":12,"column":23},"end":{"line":18,"column":5}},"line":12},"1":{"name":"(anonymous_1)","decl":{"start":{"line":20,"column":3},"end":{"line":20,"column":4}},"loc":{"start":{"line":20,"column":23},"end":{"line":22,"column":4}},"line":20},"2":{"name":"(anonymous_2)","decl":{"start":{"line":24,"column":20},"end":{"line":24,"column":21}},"loc":{"start":{"line":24,"column":32},"end":{"line":52,"column":4}},"line":24},"3":{"name":"(anonymous_3)","decl":{"start":{"line":54,"column":12},"end":{"line":54,"column":13}},"loc":{"start":{"line":54,"column":24},"end":{"line":76,"column":4}},"line":54},"4":{"name":"(anonymous_4)","decl":{"start":{"line":78,"column":23},"end":{"line":78,"column":24}},"loc":{"start":{"line":78,"column":29},"end":{"line":84,"column":4}},"line":78},"5":{"name":"(anonymous_5)","decl":{"start":{"line":86,"column":4},"end":{"line":86,"column":5}},"loc":{"start":{"line":86,"column":13},"end":{"line":107,"column":5}},"line":86}},"branchMap":{"0":{"loc":{"start":{"line":37,"column":4},"end":{"line":40,"column":5}},"type":"if","locations":[{"start":{"line":37,"column":4},"end":{"line":40,"column":5}},{"start":{"line":37,"column":4},"end":{"line":40,"column":5}}],"line":37},"1":{"loc":{"start":{"line":42,"column":4},"end":{"line":45,"column":5}},"type":"if","locations":[{"start":{"line":42,"column":4},"end":{"line":45,"column":5}},{"start":{"line":42,"column":4},"end":{"line":45,"column":5}}],"line":42},"2":{"loc":{"start":{"line":47,"column":4},"end":{"line":50,"column":5}},"type":"if","locations":[{"start":{"line":47,"column":4},"end":{"line":50,"column":5}},{"start":{"line":47,"column":4},"end":{"line":50,"column":5}}],"line":47},"3":{"loc":{"start":{"line":65,"column":8},"end":{"line":67,"column":9}},"type":"if","locations":[{"start":{"line":65,"column":8},"end":{"line":67,"column":9}},{"start":{"line":65,"column":8},"end":{"line":67,"column":9}}],"line":65},"4":{"loc":{"start":{"line":69,"column":8},"end":{"line":71,"column":9}},"type":"if","locations":[{"start":{"line":69,"column":8},"end":{"line":71,"column":9}},{"start":{"line":69,"column":8},"end":{"line":71,"column":9}}],"line":69},"5":{"loc":{"start":{"line":73,"column":8},"end":{"line":75,"column":9}},"type":"if","locations":[{"start":{"line":73,"column":8},"end":{"line":75,"column":9}},{"start":{"line":73,"column":8},"end":{"line":75,"column":9}}],"line":73},"6":{"loc":{"start":{"line":79,"column":8},"end":{"line":83,"column":9}},"type":"if","locations":[{"start":{"line":79,"column":8},"end":{"line":83,"column":9}},{"start":{"line":79,"column":8},"end":{"line":83,"column":9}}],"line":79},"7":{"loc":{"start":{"line":102,"column":96},"end":{"line":102,"column":138}},"type":"cond-expr","locations":[{"start":{"line":102,"column":118},"end":{"line":102,"column":127}},{"start":{"line":102,"column":130},"end":{"line":102,"column":138}}],"line":102}},"s":{"0":10,"1":10,"2":10,"3":10,"4":10,"5":10,"6":7,"7":3,"8":3,"9":7,"10":0,"11":0,"12":7,"13":2,"14":2,"15":5,"16":2,"17":2,"18":10,"19":0,"20":0,"21":0,"22":0,"23":0,"24":0,"25":0,"26":0,"27":0,"28":10,"29":0,"30":0,"31":0,"32":24},"f":{"0":10,"1":10,"2":10,"3":0,"4":0,"5":24},"b":{"0":[0,7],"1":[2,5],"2":[2,3],"3":[0,0],"4":[0,0],"5":[0,0],"6":[0,0],"7":[17,7]},"_coverageSchema":"43e27e138ebf9cfc5966b082cf9a028302ed4184","hash":"a85155da8e127af1ce96246f9e0ee6677acc8514"}
,"C:\\Users\\jkr99\\WebProjects\\Movie-db-site\\src\\client\\components\\home.jsx": {"path":"C:\\Users\\jkr99\\WebProjects\\Movie-db-site\\src\\client\\components\\home.jsx","statementMap":{"0":{"start":{"line":13,"column":8},"end":{"line":13,"column":20}},"1":{"start":{"line":15,"column":8},"end":{"line":18,"column":9}},"2":{"start":{"line":22,"column":8},"end":{"line":22,"column":26}},"3":{"start":{"line":26,"column":8},"end":{"line":26,"column":30}},"4":{"start":{"line":29,"column":18},"end":{"line":51,"column":5}},"5":{"start":{"line":34,"column":8},"end":{"line":39,"column":9}},"6":{"start":{"line":35,"column":13},"end":{"line":35,"column":50}},"7":{"start":{"line":36,"column":13},"end":{"line":36,"column":44}},"8":{"start":{"line":38,"column":12},"end":{"line":38,"column":60}},"9":{"start":{"line":41,"column":8},"end":{"line":49,"column":9}},"10":{"start":{"line":42,"column":12},"end":{"line":45,"column":14}},"11":{"start":{"line":47,"column":12},"end":{"line":47,"column":78}},"12":{"start":{"line":48,"column":12},"end":{"line":48,"column":19}},"13":{"start":{"line":57,"column":8},"end":{"line":72,"column":9}},"14":{"start":{"line":58,"column":12},"end":{"line":58,"column":47}},"15":{"start":{"line":59,"column":15},"end":{"line":72,"column":9}},"16":{"start":{"line":60,"column":12},"end":{"line":60,"column":59}},"17":{"start":{"line":62,"column":12},"end":{"line":71,"column":18}},"18":{"start":{"line":66,"column":20},"end":{"line":68,"column":26}},"19":{"start":{"line":74,"column":8},"end":{"line":83,"column":9}}},"fnMap":{"0":{"name":"(anonymous_0)","decl":{"start":{"line":11,"column":4},"end":{"line":11,"column":5}},"loc":{"start":{"line":11,"column":23},"end":{"line":19,"column":5}},"line":11},"1":{"name":"(anonymous_1)","decl":{"start":{"line":21,"column":4},"end":{"line":21,"column":5}},"loc":{"start":{"line":21,"column":24},"end":{"line":23,"column":5}},"line":21},"2":{"name":"(anonymous_2)","decl":{"start":{"line":25,"column":4},"end":{"line":25,"column":5}},"loc":{"start":{"line":25,"column":27},"end":{"line":27,"column":5}},"line":25},"3":{"name":"(anonymous_3)","decl":{"start":{"line":29,"column":18},"end":{"line":29,"column":19}},"loc":{"start":{"line":29,"column":30},"end":{"line":51,"column":5}},"line":29},"4":{"name":"(anonymous_4)","decl":{"start":{"line":53,"column":4},"end":{"line":53,"column":5}},"loc":{"start":{"line":53,"column":13},"end":{"line":84,"column":5}},"line":53},"5":{"name":"(anonymous_5)","decl":{"start":{"line":65,"column":64},"end":{"line":65,"column":65}},"loc":{"start":{"line":66,"column":20},"end":{"line":68,"column":26}},"line":66}},"branchMap":{"0":{"loc":{"start":{"line":41,"column":8},"end":{"line":49,"column":9}},"type":"if","locations":[{"start":{"line":41,"column":8},"end":{"line":49,"column":9}},{"start":{"line":41,"column":8},"end":{"line":49,"column":9}}],"line":41},"1":{"loc":{"start":{"line":57,"column":8},"end":{"line":72,"column":9}},"type":"if","locations":[{"start":{"line":57,"column":8},"end":{"line":72,"column":9}},{"start":{"line":57,"column":8},"end":{"line":72,"column":9}}],"line":57},"2":{"loc":{"start":{"line":59,"column":15},"end":{"line":72,"column":9}},"type":"if","locations":[{"start":{"line":59,"column":15},"end":{"line":72,"column":9}},{"start":{"line":59,"column":15},"end":{"line":72,"column":9}}],"line":59},"3":{"loc":{"start":{"line":59,"column":18},"end":{"line":59,"column":78}},"type":"binary-expr","locations":[{"start":{"line":59,"column":18},"end":{"line":59,"column":44}},{"start":{"line":59,"column":48},"end":{"line":59,"column":78}}],"line":59},"4":{"loc":{"start":{"line":65,"column":21},"end":{"line":69,"column":21}},"type":"binary-expr","locations":[{"start":{"line":65,"column":21},"end":{"line":65,"column":38}},{"start":{"line":65,"column":42},"end":{"line":69,"column":21}}],"line":65}},"s":{"0":3,"1":3,"2":3,"3":0,"4":3,"5":3,"6":3,"7":3,"8":0,"9":3,"10":2,"11":1,"12":1,"13":6,"14":1,"15":5,"16":3,"17":2,"18":13,"19":6},"f":{"0":3,"1":3,"2":0,"3":3,"4":6,"5":13},"b":{"0":[2,1],"1":[1,5],"2":[3,2],"3":[5,2],"4":[2,2]},"_coverageSchema":"43e27e138ebf9cfc5966b082cf9a028302ed4184","hash":"0f2544bf83188906ecca96bf15c9be9fa0c6e57a"}
,"C:\\Users\\jkr99\\WebProjects\\Movie-db-site\\src\\client\\components\\login.jsx": {"path":"C:\\Users\\jkr99\\WebProjects\\Movie-db-site\\src\\client\\components\\login.jsx","statementMap":{"0":{"start":{"line":12,"column":8},"end":{"line":12,"column":20}},"1":{"start":{"line":14,"column":8},"end":{"line":18,"column":9}},"2":{"start":{"line":21,"column":21},"end":{"line":23,"column":5}},"3":{"start":{"line":22,"column":8},"end":{"line":22,"column":49}},"4":{"start":{"line":25,"column":21},"end":{"line":27,"column":5}},"5":{"start":{"line":26,"column":8},"end":{"line":26,"column":49}},"6":{"start":{"line":29,"column":12},"end":{"line":61,"column":5}},"7":{"start":{"line":31,"column":21},"end":{"line":31,"column":82}},"8":{"start":{"line":33,"column":8},"end":{"line":57,"column":9}},"9":{"start":{"line":34,"column":29},"end":{"line":41,"column":14}},"10":{"start":{"line":43,"column":12},"end":{"line":46,"column":13}},"11":{"start":{"line":44,"column":16},"end":{"line":44,"column":69}},"12":{"start":{"line":45,"column":16},"end":{"line":45,"column":23}},"13":{"start":{"line":48,"column":12},"end":{"line":53,"column":13}},"14":{"start":{"line":49,"column":16},"end":{"line":49,"column":44}},"15":{"start":{"line":50,"column":16},"end":{"line":50,"column":66}},"16":{"start":{"line":51,"column":16},"end":{"line":51,"column":45}},"17":{"start":{"line":52,"column":16},"end":{"line":52,"column":23}},"18":{"start":{"line":56,"column":12},"end":{"line":56,"column":72}},"19":{"start":{"line":64,"column":8},"end":{"line":108,"column":9}}},"fnMap":{"0":{"name":"(anonymous_0)","decl":{"start":{"line":11,"column":4},"end":{"line":11,"column":5}},"loc":{"start":{"line":11,"column":23},"end":{"line":19,"column":5}},"line":11},"1":{"name":"(anonymous_1)","decl":{"start":{"line":21,"column":21},"end":{"line":21,"column":22}},"loc":{"start":{"line":21,"column":28},"end":{"line":23,"column":5}},"line":21},"2":{"name":"(anonymous_2)","decl":{"start":{"line":25,"column":21},"end":{"line":25,"column":22}},"loc":{"start":{"line":25,"column":28},"end":{"line":27,"column":5}},"line":25},"3":{"name":"(anonymous_3)","decl":{"start":{"line":29,"column":12},"end":{"line":29,"column":13}},"loc":{"start":{"line":29,"column":24},"end":{"line":61,"column":5}},"line":29},"4":{"name":"(anonymous_4)","decl":{"start":{"line":63,"column":4},"end":{"line":63,"column":5}},"loc":{"start":{"line":63,"column":13},"end":{"line":109,"column":5}},"line":63}},"branchMap":{"0":{"loc":{"start":{"line":43,"column":12},"end":{"line":46,"column":13}},"type":"if","locations":[{"start":{"line":43,"column":12},"end":{"line":46,"column":13}},{"start":{"line":43,"column":12},"end":{"line":46,"column":13}}],"line":43},"1":{"loc":{"start":{"line":48,"column":12},"end":{"line":53,"column":13}},"type":"if","locations":[{"start":{"line":48,"column":12},"end":{"line":53,"column":13}},{"start":{"line":48,"column":12},"end":{"line":53,"column":13}}],"line":48},"2":{"loc":{"start":{"line":70,"column":33},"end":{"line":70,"column":104}},"type":"binary-expr","locations":[{"start":{"line":70,"column":33},"end":{"line":70,"column":49}},{"start":{"line":70,"column":53},"end":{"line":70,"column":104}}],"line":70}},"s":{"0":0,"1":0,"2":0,"3":0,"4":0,"5":0,"6":0,"7":0,"8":0,"9":0,"10":0,"11":0,"12":0,"13":0,"14":0,"15":0,"16":0,"17":0,"18":0,"19":0},"f":{"0":0,"1":0,"2":0,"3":0,"4":0},"b":{"0":[0,0],"1":[0,0],"2":[0,0]},"hash":"d83486e8ba79efabb11ca3ed7081020da8f685e8"}
,"C:\\Users\\jkr99\\WebProjects\\Movie-db-site\\src\\client\\components\\movie.jsx": {"path":"C:\\Users\\jkr99\\WebProjects\\Movie-db-site\\src\\client\\components\\movie.jsx","statementMap":{"0":{"start":{"line":12,"column":8},"end":{"line":12,"column":20}},"1":{"start":{"line":14,"column":8},"end":{"line":18,"column":9}},"2":{"start":{"line":23,"column":19},"end":{"line":23,"column":71}},"3":{"start":{"line":25,"column":8},"end":{"line":25,"column":28}},"4":{"start":{"line":28,"column":18},"end":{"line":65,"column":5}},"5":{"start":{"line":32,"column":8},"end":{"line":40,"column":9}},"6":{"start":{"line":33,"column":12},"end":{"line":35,"column":14}},"7":{"start":{"line":38,"column":12},"end":{"line":38,"column":65}},"8":{"start":{"line":39,"column":12},"end":{"line":39,"column":19}},"9":{"start":{"line":42,"column":8},"end":{"line":45,"column":9}},"10":{"start":{"line":43,"column":12},"end":{"line":43,"column":53}},"11":{"start":{"line":44,"column":12},"end":{"line":44,"column":19}},"12":{"start":{"line":47,"column":8},"end":{"line":50,"column":9}},"13":{"start":{"line":48,"column":12},"end":{"line":48,"column":81}},"14":{"start":{"line":49,"column":12},"end":{"line":49,"column":19}},"15":{"start":{"line":52,"column":8},"end":{"line":55,"column":9}},"16":{"start":{"line":53,"column":12},"end":{"line":53,"column":49}},"17":{"start":{"line":54,"column":12},"end":{"line":54,"column":19}},"18":{"start":{"line":57,"column":8},"end":{"line":60,"column":9}},"19":{"start":{"line":58,"column":12},"end":{"line":58,"column":78}},"20":{"start":{"line":59,"column":12},"end":{"line":59,"column":19}},"21":{"start":{"line":62,"column":8},"end":{"line":62,"column":36}},"22":{"start":{"line":63,"column":8},"end":{"line":63,"column":15}},"23":{"start":{"line":67,"column":17},"end":{"line":94,"column":5}},"24":{"start":{"line":72,"column":8},"end":{"line":81,"column":9}},"25":{"start":{"line":74,"column":24},"end":{"line":74,"column":43}},"26":{"start":{"line":76,"column":12},"end":{"line":76,"column":39}},"27":{"start":{"line":77,"column":12},"end":{"line":77,"column":44}},"28":{"start":{"line":80,"column":12},"end":{"line":80,"column":39}},"29":{"start":{"line":84,"column":8},"end":{"line":86,"column":9}},"30":{"start":{"line":85,"column":12},"end":{"line":85,"column":51}},"31":{"start":{"line":88,"column":8},"end":{"line":90,"column":9}},"32":{"start":{"line":89,"column":12},"end":{"line":89,"column":93}},"33":{"start":{"line":92,"column":8},"end":{"line":92,"column":39}},"34":{"start":{"line":97,"column":8},"end":{"line":170,"column":9}},"35":{"start":{"line":137,"column":92},"end":{"line":147,"column":36}}},"fnMap":{"0":{"name":"(anonymous_0)","decl":{"start":{"line":11,"column":4},"end":{"line":11,"column":5}},"loc":{"start":{"line":11,"column":23},"end":{"line":20,"column":5}},"line":11},"1":{"name":"(anonymous_1)","decl":{"start":{"line":22,"column":4},"end":{"line":22,"column":5}},"loc":{"start":{"line":22,"column":24},"end":{"line":26,"column":5}},"line":22},"2":{"name":"(anonymous_2)","decl":{"start":{"line":28,"column":18},"end":{"line":28,"column":19}},"loc":{"start":{"line":28,"column":30},"end":{"line":65,"column":5}},"line":28},"3":{"name":"(anonymous_3)","decl":{"start":{"line":67,"column":17},"end":{"line":67,"column":18}},"loc":{"start":{"line":67,"column":31},"end":{"line":94,"column":5}},"line":67},"4":{"name":"(anonymous_4)","decl":{"start":{"line":96,"column":4},"end":{"line":96,"column":5}},"loc":{"start":{"line":96,"column":13},"end":{"line":171,"column":5}},"line":96},"5":{"name":"(anonymous_5)","decl":{"start":{"line":137,"column":80},"end":{"line":137,"column":81}},"loc":{"start":{"line":137,"column":92},"end":{"line":147,"column":36}},"line":137}},"branchMap":{"0":{"loc":{"start":{"line":42,"column":8},"end":{"line":45,"column":9}},"type":"if","locations":[{"start":{"line":42,"column":8},"end":{"line":45,"column":9}},{"start":{"line":42,"column":8},"end":{"line":45,"column":9}}],"line":42},"1":{"loc":{"start":{"line":47,"column":8},"end":{"line":50,"column":9}},"type":"if","locations":[{"start":{"line":47,"column":8},"end":{"line":50,"column":9}},{"start":{"line":47,"column":8},"end":{"line":50,"column":9}}],"line":47},"2":{"loc":{"start":{"line":52,"column":8},"end":{"line":55,"column":9}},"type":"if","locations":[{"start":{"line":52,"column":8},"end":{"line":55,"column":9}},{"start":{"line":52,"column":8},"end":{"line":55,"column":9}}],"line":52},"3":{"loc":{"start":{"line":57,"column":8},"end":{"line":60,"column":9}},"type":"if","locations":[{"start":{"line":57,"column":8},"end":{"line":60,"column":9}},{"start":{"line":57,"column":8},"end":{"line":60,"column":9}}],"line":57},"4":{"loc":{"start":{"line":84,"column":8},"end":{"line":86,"column":9}},"type":"if","locations":[{"start":{"line":84,"column":8},"end":{"line":86,"column":9}},{"start":{"line":84,"column":8},"end":{"line":86,"column":9}}],"line":84},"5":{"loc":{"start":{"line":88,"column":8},"end":{"line":90,"column":9}},"type":"if","locations":[{"start":{"line":88,"column":8},"end":{"line":90,"column":9}},{"start":{"line":88,"column":8},"end":{"line":90,"column":9}}],"line":88},"6":{"loc":{"start":{"line":104,"column":21},"end":{"line":104,"column":66}},"type":"binary-expr","locations":[{"start":{"line":104,"column":21},"end":{"line":104,"column":37}},{"start":{"line":104,"column":41},"end":{"line":104,"column":66}}],"line":104},"7":{"loc":{"start":{"line":106,"column":17},"end":{"line":168,"column":32}},"type":"binary-expr","locations":[{"start":{"line":106,"column":17},"end":{"line":106,"column":33}},{"start":{"line":106,"column":37},"end":{"line":168,"column":32}}],"line":106},"8":{"loc":{"start":{"line":124,"column":29},"end":{"line":127,"column":34}},"type":"binary-expr","locations":[{"start":{"line":124,"column":29},"end":{"line":124,"column":48}},{"start":{"line":124,"column":52},"end":{"line":127,"column":34}}],"line":124},"9":{"loc":{"start":{"line":137,"column":25},"end":{"line":147,"column":37}},"type":"binary-expr","locations":[{"start":{"line":137,"column":25},"end":{"line":137,"column":48}},{"start":{"line":137,"column":52},"end":{"line":147,"column":37}}],"line":137},"10":{"loc":{"start":{"line":152,"column":25},"end":{"line":165,"column":30}},"type":"binary-expr","locations":[{"start":{"line":152,"column":25},"end":{"line":152,"column":44}},{"start":{"line":152,"column":48},"end":{"line":165,"column":30}}],"line":152}},"s":{"0":3,"1":3,"2":3,"3":3,"4":3,"5":0,"6":0,"7":0,"8":0,"9":0,"10":0,"11":0,"12":0,"13":0,"14":0,"15":0,"16":0,"17":0,"18":0,"19":0,"20":0,"21":0,"22":0,"23":3,"24":3,"25":3,"26":3,"27":3,"28":0,"29":3,"30":1,"31":3,"32":2,"33":3,"34":9,"35":1},"f":{"0":3,"1":3,"2":0,"3":3,"4":9,"5":1},"b":{"0":[0,0],"1":[0,0],"2":[0,0],"3":[0,0],"4":[1,2],"5":[2,1],"6":[9,5],"7":[9,3],"8":[3,3],"9":[3,1],"10":[3,3]},"_coverageSchema":"43e27e138ebf9cfc5966b082cf9a028302ed4184","hash":"758c975129ac62ad3672275fa5d0d679293474fc"}
,"C:\\Users\\jkr99\\WebProjects\\Movie-db-site\\src\\client\\components\\movieForm.jsx": {"path":"C:\\Users\\jkr99\\WebProjects\\Movie-db-site\\src\\client\\components\\movieForm.jsx","statementMap":{"0":{"start":{"line":12,"column":8},"end":{"line":12,"column":20}},"1":{"start":{"line":14,"column":8},"end":{"line":22,"column":9}},"2":{"start":{"line":28,"column":8},"end":{"line":36,"column":9}},"3":{"start":{"line":29,"column":12},"end":{"line":35,"column":14}},"4":{"start":{"line":43,"column":19},"end":{"line":45,"column":5}},"5":{"start":{"line":44,"column":8},"end":{"line":44,"column":49}},"6":{"start":{"line":47,"column":19},"end":{"line":49,"column":5}},"7":{"start":{"line":48,"column":8},"end":{"line":48,"column":49}},"8":{"start":{"line":51,"column":20},"end":{"line":53,"column":5}},"9":{"start":{"line":52,"column":8},"end":{"line":52,"column":50}},"10":{"start":{"line":55,"column":26},"end":{"line":57,"column":5}},"11":{"start":{"line":56,"column":8},"end":{"line":56,"column":56}},"12":{"start":{"line":59,"column":20},"end":{"line":61,"column":5}},"13":{"start":{"line":60,"column":8},"end":{"line":60,"column":50}},"14":{"start":{"line":63,"column":23},"end":{"line":113,"column":5}},"15":{"start":{"line":64,"column":8},"end":{"line":112,"column":9}},"16":{"start":{"line":109,"column":63},"end":{"line":109,"column":92}},"17":{"start":{"line":115,"column":24},"end":{"line":126,"column":5}},"18":{"start":{"line":116,"column":8},"end":{"line":125,"column":9}},"19":{"start":{"line":131,"column":8},"end":{"line":138,"column":9}},"20":{"start":{"line":132,"column":12},"end":{"line":132,"column":41}},"21":{"start":{"line":133,"column":12},"end":{"line":133,"column":58}},"22":{"start":{"line":134,"column":15},"end":{"line":138,"column":9}},"23":{"start":{"line":135,"column":12},"end":{"line":135,"column":46}},"24":{"start":{"line":137,"column":12},"end":{"line":137,"column":45}},"25":{"start":{"line":140,"column":8},"end":{"line":146,"column":9}}},"fnMap":{"0":{"name":"(anonymous_0)","decl":{"start":{"line":11,"column":4},"end":{"line":11,"column":5}},"loc":{"start":{"line":11,"column":23},"end":{"line":24,"column":5}},"line":11},"1":{"name":"(anonymous_1)","decl":{"start":{"line":26,"column":4},"end":{"line":26,"column":5}},"loc":{"start":{"line":26,"column":24},"end":{"line":41,"column":5}},"line":26},"2":{"name":"(anonymous_2)","decl":{"start":{"line":43,"column":19},"end":{"line":43,"column":20}},"loc":{"start":{"line":43,"column":30},"end":{"line":45,"column":5}},"line":43},"3":{"name":"(anonymous_3)","decl":{"start":{"line":47,"column":19},"end":{"line":47,"column":20}},"loc":{"start":{"line":47,"column":30},"end":{"line":49,"column":5}},"line":47},"4":{"name":"(anonymous_4)","decl":{"start":{"line":51,"column":20},"end":{"line":51,"column":21}},"loc":{"start":{"line":51,"column":31},"end":{"line":53,"column":5}},"line":51},"5":{"name":"(anonymous_5)","decl":{"start":{"line":55,"column":26},"end":{"line":55,"column":27}},"loc":{"start":{"line":55,"column":37},"end":{"line":57,"column":5}},"line":55},"6":{"name":"(anonymous_6)","decl":{"start":{"line":59,"column":20},"end":{"line":59,"column":21}},"loc":{"start":{"line":59,"column":31},"end":{"line":61,"column":5}},"line":59},"7":{"name":"(anonymous_7)","decl":{"start":{"line":63,"column":23},"end":{"line":63,"column":24}},"loc":{"start":{"line":63,"column":29},"end":{"line":113,"column":5}},"line":63},"8":{"name":"(anonymous_8)","decl":{"start":{"line":109,"column":57},"end":{"line":109,"column":58}},"loc":{"start":{"line":109,"column":63},"end":{"line":109,"column":92}},"line":109},"9":{"name":"(anonymous_9)","decl":{"start":{"line":115,"column":24},"end":{"line":115,"column":25}},"loc":{"start":{"line":115,"column":30},"end":{"line":126,"column":5}},"line":115},"10":{"name":"(anonymous_10)","decl":{"start":{"line":128,"column":4},"end":{"line":128,"column":5}},"loc":{"start":{"line":128,"column":13},"end":{"line":147,"column":5}},"line":128}},"branchMap":{"0":{"loc":{"start":{"line":28,"column":8},"end":{"line":36,"column":9}},"type":"if","locations":[{"start":{"line":28,"column":8},"end":{"line":36,"column":9}},{"start":{"line":28,"column":8},"end":{"line":36,"column":9}}],"line":28},"1":{"loc":{"start":{"line":131,"column":8},"end":{"line":138,"column":9}},"type":"if","locations":[{"start":{"line":131,"column":8},"end":{"line":138,"column":9}},{"start":{"line":131,"column":8},"end":{"line":138,"column":9}}],"line":131},"2":{"loc":{"start":{"line":134,"column":15},"end":{"line":138,"column":9}},"type":"if","locations":[{"start":{"line":134,"column":15},"end":{"line":138,"column":9}},{"start":{"line":134,"column":15},"end":{"line":138,"column":9}}],"line":134}},"s":{"0":3,"1":3,"2":3,"3":1,"4":3,"5":0,"6":3,"7":0,"8":3,"9":0,"10":3,"11":0,"12":3,"13":0,"14":3,"15":4,"16":0,"17":3,"18":0,"19":4,"20":0,"21":0,"22":4,"23":0,"24":4,"25":4},"f":{"0":3,"1":3,"2":0,"3":0,"4":0,"5":0,"6":0,"7":4,"8":0,"9":0,"10":4},"b":{"0":[1,2],"1":[0,4],"2":[0,4]},"_coverageSchema":"43e27e138ebf9cfc5966b082cf9a028302ed4184","hash":"9f72e81333fa8c44bbfb9bd31df1434b658d3095"}
,"C:\\Users\\jkr99\\WebProjects\\Movie-db-site\\src\\client\\components\\notfound.jsx": {"path":"C:\\Users\\jkr99\\WebProjects\\Movie-db-site\\src\\client\\components\\notfound.jsx","statementMap":{"0":{"start":{"line":5,"column":8},"end":{"line":9,"column":9}}},"fnMap":{"0":{"name":"(anonymous_0)","decl":{"start":{"line":4,"column":4},"end":{"line":4,"column":5}},"loc":{"start":{"line":4,"column":13},"end":{"line":10,"column":5}},"line":4}},"branchMap":{},"s":{"0":0},"f":{"0":0},"b":{},"hash":"ed0f8c4d43b6bf794740dc290d399224b15f76f7"}
,"C:\\Users\\jkr99\\WebProjects\\Movie-db-site\\src\\client\\components\\signup.jsx": {"path":"C:\\Users\\jkr99\\WebProjects\\Movie-db-site\\src\\client\\components\\signup.jsx","statementMap":{"0":{"start":{"line":13,"column":8},"end":{"line":13,"column":20}},"1":{"start":{"line":15,"column":8},"end":{"line":19,"column":9}},"2":{"start":{"line":22,"column":21},"end":{"line":24,"column":5}},"3":{"start":{"line":23,"column":8},"end":{"line":23,"column":49}},"4":{"start":{"line":26,"column":21},"end":{"line":28,"column":5}},"5":{"start":{"line":27,"column":8},"end":{"line":27,"column":49}},"6":{"start":{"line":30,"column":13},"end":{"line":57,"column":5}},"7":{"start":{"line":31,"column":21},"end":{"line":31,"column":82}},"8":{"start":{"line":32,"column":8},"end":{"line":56,"column":9}},"9":{"start":{"line":33,"column":29},"end":{"line":39,"column":14}},"10":{"start":{"line":41,"column":12},"end":{"line":44,"column":13}},"11":{"start":{"line":42,"column":16},"end":{"line":42,"column":69}},"12":{"start":{"line":43,"column":16},"end":{"line":43,"column":22}},"13":{"start":{"line":45,"column":12},"end":{"line":48,"column":13}},"14":{"start":{"line":46,"column":16},"end":{"line":46,"column":93}},"15":{"start":{"line":47,"column":16},"end":{"line":47,"column":22}},"16":{"start":{"line":50,"column":12},"end":{"line":50,"column":46}},"17":{"start":{"line":51,"column":12},"end":{"line":51,"column":63}},"18":{"start":{"line":52,"column":12},"end":{"line":52,"column":41}},"19":{"start":{"line":55,"column":12},"end":{"line":55,"column":72}},"20":{"start":{"line":60,"column":8},"end":{"line":108,"column":9}}},"fnMap":{"0":{"name":"(anonymous_0)","decl":{"start":{"line":12,"column":4},"end":{"line":12,"column":5}},"loc":{"start":{"line":12,"column":23},"end":{"line":20,"column":5}},"line":12},"1":{"name":"(anonymous_1)","decl":{"start":{"line":22,"column":21},"end":{"line":22,"column":22}},"loc":{"start":{"line":22,"column":28},"end":{"line":24,"column":5}},"line":22},"2":{"name":"(anonymous_2)","decl":{"start":{"line":26,"column":21},"end":{"line":26,"column":22}},"loc":{"start":{"line":26,"column":28},"end":{"line":28,"column":5}},"line":26},"3":{"name":"(anonymous_3)","decl":{"start":{"line":30,"column":13},"end":{"line":30,"column":14}},"loc":{"start":{"line":30,"column":25},"end":{"line":57,"column":5}},"line":30},"4":{"name":"(anonymous_4)","decl":{"start":{"line":59,"column":4},"end":{"line":59,"column":5}},"loc":{"start":{"line":59,"column":13},"end":{"line":109,"column":5}},"line":59}},"branchMap":{"0":{"loc":{"start":{"line":41,"column":12},"end":{"line":44,"column":13}},"type":"if","locations":[{"start":{"line":41,"column":12},"end":{"line":44,"column":13}},{"start":{"line":41,"column":12},"end":{"line":44,"column":13}}],"line":41},"1":{"loc":{"start":{"line":45,"column":12},"end":{"line":48,"column":13}},"type":"if","locations":[{"start":{"line":45,"column":12},"end":{"line":48,"column":13}},{"start":{"line":45,"column":12},"end":{"line":48,"column":13}}],"line":45},"2":{"loc":{"start":{"line":67,"column":21},"end":{"line":67,"column":92}},"type":"binary-expr","locations":[{"start":{"line":67,"column":21},"end":{"line":67,"column":37}},{"start":{"line":67,"column":41},"end":{"line":67,"column":92}}],"line":67}},"s":{"0":0,"1":0,"2":0,"3":0,"4":0,"5":0,"6":0,"7":0,"8":0,"9":0,"10":0,"11":0,"12":0,"13":0,"14":0,"15":0,"16":0,"17":0,"18":0,"19":0,"20":0},"f":{"0":0,"1":0,"2":0,"3":0,"4":0},"b":{"0":[0,0],"1":[0,0],"2":[0,0]},"hash":"6ba958e28a02b1d1705d529752c3e9c3dfd8037f"}
,"C:\\Users\\jkr99\\WebProjects\\Movie-db-site\\src\\server\\app.js": {"path":"C:\\Users\\jkr99\\WebProjects\\Movie-db-site\\src\\server\\app.js","statementMap":{"0":{"start":{"line":1,"column":16},"end":{"line":1,"column":34}},"1":{"start":{"line":2,"column":19},"end":{"line":2,"column":41}},"2":{"start":{"line":3,"column":17},"end":{"line":3,"column":36}},"3":{"start":{"line":4,"column":16},"end":{"line":4,"column":42}},"4":{"start":{"line":5,"column":22},"end":{"line":5,"column":56}},"5":{"start":{"line":6,"column":13},"end":{"line":6,"column":28}},"6":{"start":{"line":7,"column":15},"end":{"line":7,"column":34}},"7":{"start":{"line":8,"column":11},"end":{"line":8,"column":26}},"8":{"start":{"line":11,"column":12},"end":{"line":11,"column":21}},"9":{"start":{"line":13,"column":0},"end":{"line":13,"column":27}},"10":{"start":{"line":14,"column":0},"end":{"line":14,"column":49}},"11":{"start":{"line":15,"column":0},"end":{"line":19,"column":3}},"12":{"start":{"line":22,"column":0},"end":{"line":22,"column":33}},"13":{"start":{"line":25,"column":0},"end":{"line":40,"column":2}},"14":{"start":{"line":31,"column":25},"end":{"line":31,"column":57}},"15":{"start":{"line":33,"column":8},"end":{"line":35,"column":9}},"16":{"start":{"line":34,"column":12},"end":{"line":34,"column":76}},"17":{"start":{"line":37,"column":21},"end":{"line":37,"column":41}},"18":{"start":{"line":38,"column":8},"end":{"line":38,"column":30}},"19":{"start":{"line":42,"column":0},"end":{"line":44,"column":2}},"20":{"start":{"line":43,"column":4},"end":{"line":43,"column":28}},"21":{"start":{"line":46,"column":0},"end":{"line":54,"column":2}},"22":{"start":{"line":47,"column":17},"end":{"line":47,"column":37}},"23":{"start":{"line":49,"column":4},"end":{"line":53,"column":5}},"24":{"start":{"line":50,"column":8},"end":{"line":50,"column":23}},"25":{"start":{"line":52,"column":8},"end":{"line":52,"column":24}},"26":{"start":{"line":56,"column":0},"end":{"line":56,"column":31}},"27":{"start":{"line":57,"column":0},"end":{"line":57,"column":28}},"28":{"start":{"line":59,"column":0},"end":{"line":59,"column":19}},"29":{"start":{"line":61,"column":0},"end":{"line":63,"column":3}},"30":{"start":{"line":62,"column":4},"end":{"line":62,"column":78}},"31":{"start":{"line":65,"column":0},"end":{"line":65,"column":21}}},"fnMap":{"0":{"name":"(anonymous_0)","decl":{"start":{"line":30,"column":4},"end":{"line":30,"column":5}},"loc":{"start":{"line":30,"column":37},"end":{"line":39,"column":5}},"line":30},"1":{"name":"(anonymous_1)","decl":{"start":{"line":42,"column":23},"end":{"line":42,"column":24}},"loc":{"start":{"line":42,"column":42},"end":{"line":44,"column":1}},"line":42},"2":{"name":"(anonymous_2)","decl":{"start":{"line":46,"column":25},"end":{"line":46,"column":26}},"loc":{"start":{"line":46,"column":49},"end":{"line":54,"column":1}},"line":46},"3":{"name":"(anonymous_3)","decl":{"start":{"line":61,"column":8},"end":{"line":61,"column":9}},"loc":{"start":{"line":61,"column":28},"end":{"line":63,"column":1}},"line":61}},"branchMap":{"0":{"loc":{"start":{"line":33,"column":8},"end":{"line":35,"column":9}},"type":"if","locations":[{"start":{"line":33,"column":8},"end":{"line":35,"column":9}},{"start":{"line":33,"column":8},"end":{"line":35,"column":9}}],"line":33},"1":{"loc":{"start":{"line":49,"column":4},"end":{"line":53,"column":5}},"type":"if","locations":[{"start":{"line":49,"column":4},"end":{"line":53,"column":5}},{"start":{"line":49,"column":4},"end":{"line":53,"column":5}}],"line":49}},"s":{"0":7,"1":7,"2":7,"3":7,"4":7,"5":7,"6":7,"7":7,"8":7,"9":7,"10":7,"11":7,"12":7,"13":7,"14":13,"15":13,"16":1,"17":12,"18":12,"19":7,"20":12,"21":7,"22":12,"23":12,"24":12,"25":0,"26":7,"27":7,"28":7,"29":7,"30":0,"31":7},"f":{"0":13,"1":12,"2":12,"3":0},"b":{"0":[1,12],"1":[12,0]},"_coverageSchema":"43e27e138ebf9cfc5966b082cf9a028302ed4184","hash":"03d422176fe0198f99a8693c0acca7366e974456"}
,"C:\\Users\\jkr99\\WebProjects\\Movie-db-site\\src\\server\\db.js": {"path":"C:\\Users\\jkr99\\WebProjects\\Movie-db-site\\src\\server\\db.js","statementMap":{"0":{"start":{"line":1,"column":14},"end":{"line":1,"column":23}},"1":{"start":{"line":2,"column":15},"end":{"line":2,"column":24}},"2":{"start":{"line":6,"column":17},"end":{"line":9,"column":5}},"3":{"start":{"line":11,"column":4},"end":{"line":11,"column":28}},"4":{"start":{"line":13,"column":4},"end":{"line":13,"column":16}},"5":{"start":{"line":17,"column":4},"end":{"line":17,"column":30}},"6":{"start":{"line":22,"column":17},"end":{"line":22,"column":34}},"7":{"start":{"line":24,"column":4},"end":{"line":28,"column":5}},"8":{"start":{"line":25,"column":8},"end":{"line":25,"column":21}},"9":{"start":{"line":27,"column":8},"end":{"line":27,"column":41}},"10":{"start":{"line":33,"column":18},"end":{"line":33,"column":20}},"11":{"start":{"line":35,"column":24},"end":{"line":39,"column":5}},"12":{"start":{"line":41,"column":4},"end":{"line":46,"column":5}},"13":{"start":{"line":42,"column":8},"end":{"line":42,"column":29}},"14":{"start":{"line":43,"column":8},"end":{"line":43,"column":28}},"15":{"start":{"line":45,"column":8},"end":{"line":45,"column":25}},"16":{"start":{"line":48,"column":18},"end":{"line":55,"column":5}},"17":{"start":{"line":57,"column":4},"end":{"line":57,"column":26}},"18":{"start":{"line":58,"column":4},"end":{"line":58,"column":16}},"19":{"start":{"line":62,"column":4},"end":{"line":66,"column":5}},"20":{"start":{"line":63,"column":8},"end":{"line":63,"column":21}},"21":{"start":{"line":65,"column":8},"end":{"line":65,"column":31}},"22":{"start":{"line":70,"column":4},"end":{"line":70,"column":30}},"23":{"start":{"line":74,"column":4},"end":{"line":74,"column":38}},"24":{"start":{"line":79,"column":26},"end":{"line":83,"column":6}},"25":{"start":{"line":85,"column":4},"end":{"line":85,"column":329}},"26":{"start":{"line":86,"column":4},"end":{"line":86,"column":386}},"27":{"start":{"line":87,"column":4},"end":{"line":87,"column":421}},"28":{"start":{"line":88,"column":4},"end":{"line":88,"column":403}},"29":{"start":{"line":89,"column":4},"end":{"line":89,"column":323}},"30":{"start":{"line":90,"column":4},"end":{"line":90,"column":313}},"31":{"start":{"line":91,"column":4},"end":{"line":91,"column":350}},"32":{"start":{"line":92,"column":4},"end":{"line":92,"column":431}},"33":{"start":{"line":93,"column":4},"end":{"line":93,"column":386}},"34":{"start":{"line":94,"column":4},"end":{"line":94,"column":399}},"35":{"start":{"line":95,"column":4},"end":{"line":95,"column":345}},"36":{"start":{"line":96,"column":4},"end":{"line":96,"column":322}},"37":{"start":{"line":97,"column":4},"end":{"line":97,"column":38}},"38":{"start":{"line":100,"column":0},"end":{"line":100,"column":27}},"39":{"start":{"line":101,"column":0},"end":{"line":101,"column":19}},"40":{"start":{"line":102,"column":0},"end":{"line":102,"column":111}}},"fnMap":{"0":{"name":"createUser","decl":{"start":{"line":4,"column":9},"end":{"line":4,"column":19}},"loc":{"start":{"line":4,"column":39},"end":{"line":14,"column":1}},"line":4},"1":{"name":"getUser","decl":{"start":{"line":16,"column":9},"end":{"line":16,"column":16}},"loc":{"start":{"line":16,"column":27},"end":{"line":18,"column":1}},"line":16},"2":{"name":"verifyUser","decl":{"start":{"line":20,"column":9},"end":{"line":20,"column":19}},"loc":{"start":{"line":20,"column":39},"end":{"line":29,"column":1}},"line":20},"3":{"name":"createMovie","decl":{"start":{"line":31,"column":9},"end":{"line":31,"column":20}},"loc":{"start":{"line":31,"column":63},"end":{"line":59,"column":1}},"line":31},"4":{"name":"getMovie","decl":{"start":{"line":61,"column":9},"end":{"line":61,"column":17}},"loc":{"start":{"line":61,"column":24},"end":{"line":67,"column":1}},"line":61},"5":{"name":"deleteMovie","decl":{"start":{"line":69,"column":9},"end":{"line":69,"column":20}},"loc":{"start":{"line":69,"column":27},"end":{"line":71,"column":1}},"line":69},"6":{"name":"getAllMovies","decl":{"start":{"line":73,"column":9},"end":{"line":73,"column":21}},"loc":{"start":{"line":73,"column":24},"end":{"line":75,"column":1}},"line":73},"7":{"name":"addExampleMovies","decl":{"start":{"line":77,"column":9},"end":{"line":77,"column":25}},"loc":{"start":{"line":77,"column":28},"end":{"line":98,"column":1}},"line":77}},"branchMap":{"0":{"loc":{"start":{"line":24,"column":4},"end":{"line":28,"column":5}},"type":"if","locations":[{"start":{"line":24,"column":4},"end":{"line":28,"column":5}},{"start":{"line":24,"column":4},"end":{"line":28,"column":5}}],"line":24},"1":{"loc":{"start":{"line":41,"column":4},"end":{"line":46,"column":5}},"type":"if","locations":[{"start":{"line":41,"column":4},"end":{"line":46,"column":5}},{"start":{"line":41,"column":4},"end":{"line":46,"column":5}}],"line":41},"2":{"loc":{"start":{"line":62,"column":4},"end":{"line":66,"column":5}},"type":"if","locations":[{"start":{"line":62,"column":4},"end":{"line":66,"column":5}},{"start":{"line":62,"column":4},"end":{"line":66,"column":5}}],"line":62}},"s":{"0":7,"1":7,"2":14,"3":14,"4":14,"5":37,"6":13,"7":13,"8":1,"9":12,"10":220,"11":220,"12":220,"13":202,"14":202,"15":18,"16":220,"17":220,"18":220,"19":18,"20":3,"21":15,"22":2,"23":6,"24":18,"25":18,"26":18,"27":18,"28":18,"29":18,"30":18,"31":18,"32":18,"33":18,"34":18,"35":18,"36":18,"37":18,"38":7,"39":7,"40":7},"f":{"0":14,"1":37,"2":13,"3":220,"4":18,"5":2,"6":6,"7":18},"b":{"0":[1,12],"1":[202,18],"2":[3,15]},"_coverageSchema":"43e27e138ebf9cfc5966b082cf9a028302ed4184","hash":"3c42111c07afe3b433442b0cf64cb8dfdf7fd5d2"}
,"C:\\Users\\jkr99\\WebProjects\\Movie-db-site\\src\\server\\routes.js": {"path":"C:\\Users\\jkr99\\WebProjects\\Movie-db-site\\src\\server\\routes.js","statementMap":{"0":{"start":{"line":1,"column":16},"end":{"line":1,"column":34}},"1":{"start":{"line":2,"column":15},"end":{"line":2,"column":31}},"2":{"start":{"line":3,"column":17},"end":{"line":3,"column":36}},"3":{"start":{"line":4,"column":11},"end":{"line":4,"column":26}},"4":{"start":{"line":7,"column":0},"end":{"line":9,"column":2}},"5":{"start":{"line":8,"column":4},"end":{"line":8,"column":27}},"6":{"start":{"line":11,"column":0},"end":{"line":14,"column":2}},"7":{"start":{"line":12,"column":4},"end":{"line":12,"column":16}},"8":{"start":{"line":13,"column":4},"end":{"line":13,"column":26}},"9":{"start":{"line":16,"column":0},"end":{"line":34,"column":2}},"10":{"start":{"line":18,"column":20},"end":{"line":18,"column":70}},"11":{"start":{"line":20,"column":4},"end":{"line":22,"column":5}},"12":{"start":{"line":21,"column":8},"end":{"line":21,"column":31}},"13":{"start":{"line":24,"column":4},"end":{"line":33,"column":7}},"14":{"start":{"line":25,"column":8},"end":{"line":32,"column":11}},"15":{"start":{"line":26,"column":12},"end":{"line":31,"column":13}},"16":{"start":{"line":28,"column":16},"end":{"line":28,"column":39}},"17":{"start":{"line":30,"column":16},"end":{"line":30,"column":39}},"18":{"start":{"line":36,"column":0},"end":{"line":43,"column":2}},"19":{"start":{"line":37,"column":4},"end":{"line":41,"column":5}},"20":{"start":{"line":38,"column":8},"end":{"line":40,"column":10}},"21":{"start":{"line":42,"column":4},"end":{"line":42,"column":26}},"22":{"start":{"line":45,"column":0},"end":{"line":51,"column":2}},"23":{"start":{"line":47,"column":19},"end":{"line":47,"column":36}},"24":{"start":{"line":49,"column":4},"end":{"line":49,"column":20}},"25":{"start":{"line":53,"column":0},"end":{"line":70,"column":2}},"26":{"start":{"line":55,"column":4},"end":{"line":66,"column":5}},"27":{"start":{"line":56,"column":21},"end":{"line":56,"column":34}},"28":{"start":{"line":57,"column":22},"end":{"line":57,"column":36}},"29":{"start":{"line":58,"column":22},"end":{"line":58,"column":36}},"30":{"start":{"line":59,"column":28},"end":{"line":59,"column":48}},"31":{"start":{"line":60,"column":21},"end":{"line":60,"column":34}},"32":{"start":{"line":61,"column":8},"end":{"line":61,"column":62}},"33":{"start":{"line":63,"column":8},"end":{"line":63,"column":23}},"34":{"start":{"line":64,"column":8},"end":{"line":64,"column":18}},"35":{"start":{"line":65,"column":8},"end":{"line":65,"column":15}},"36":{"start":{"line":68,"column":4},"end":{"line":68,"column":26}},"37":{"start":{"line":72,"column":0},"end":{"line":96,"column":2}},"38":{"start":{"line":74,"column":20},"end":{"line":74,"column":38}},"39":{"start":{"line":76,"column":4},"end":{"line":93,"column":5}},"40":{"start":{"line":78,"column":21},"end":{"line":78,"column":34}},"41":{"start":{"line":79,"column":22},"end":{"line":79,"column":36}},"42":{"start":{"line":80,"column":22},"end":{"line":80,"column":36}},"43":{"start":{"line":81,"column":28},"end":{"line":81,"column":48}},"44":{"start":{"line":82,"column":21},"end":{"line":82,"column":34}},"45":{"start":{"line":83,"column":24},"end":{"line":83,"column":40}},"46":{"start":{"line":85,"column":8},"end":{"line":92,"column":9}},"47":{"start":{"line":86,"column":12},"end":{"line":86,"column":69}},"48":{"start":{"line":87,"column":12},"end":{"line":87,"column":34}},"49":{"start":{"line":88,"column":12},"end":{"line":88,"column":19}},"50":{"start":{"line":90,"column":12},"end":{"line":90,"column":34}},"51":{"start":{"line":91,"column":12},"end":{"line":91,"column":19}},"52":{"start":{"line":94,"column":4},"end":{"line":94,"column":31}},"53":{"start":{"line":98,"column":0},"end":{"line":119,"column":2}},"54":{"start":{"line":100,"column":17},"end":{"line":100,"column":35}},"55":{"start":{"line":102,"column":4},"end":{"line":114,"column":5}},"56":{"start":{"line":103,"column":8},"end":{"line":111,"column":9}},"57":{"start":{"line":105,"column":12},"end":{"line":108,"column":13}},"58":{"start":{"line":106,"column":16},"end":{"line":106,"column":38}},"59":{"start":{"line":107,"column":16},"end":{"line":107,"column":23}},"60":{"start":{"line":109,"column":12},"end":{"line":109,"column":34}},"61":{"start":{"line":110,"column":12},"end":{"line":110,"column":19}},"62":{"start":{"line":112,"column":8},"end":{"line":112,"column":30}},"63":{"start":{"line":113,"column":8},"end":{"line":113,"column":15}},"64":{"start":{"line":115,"column":4},"end":{"line":115,"column":26}},"65":{"start":{"line":116,"column":4},"end":{"line":116,"column":11}},"66":{"start":{"line":121,"column":0},"end":{"line":130,"column":2}},"67":{"start":{"line":123,"column":18},"end":{"line":123,"column":49}},"68":{"start":{"line":124,"column":4},"end":{"line":129,"column":5}},"69":{"start":{"line":125,"column":8},"end":{"line":125,"column":23}},"70":{"start":{"line":126,"column":8},"end":{"line":126,"column":18}},"71":{"start":{"line":128,"column":8},"end":{"line":128,"column":23}},"72":{"start":{"line":132,"column":0},"end":{"line":132,"column":24}}},"fnMap":{"0":{"name":"(anonymous_0)","decl":{"start":{"line":7,"column":56},"end":{"line":7,"column":57}},"loc":{"start":{"line":7,"column":69},"end":{"line":9,"column":1}},"line":7},"1":{"name":"(anonymous_1)","decl":{"start":{"line":11,"column":26},"end":{"line":11,"column":27}},"loc":{"start":{"line":11,"column":44},"end":{"line":14,"column":1}},"line":11},"2":{"name":"(anonymous_2)","decl":{"start":{"line":16,"column":26},"end":{"line":16,"column":27}},"loc":{"start":{"line":16,"column":44},"end":{"line":34,"column":1}},"line":16},"3":{"name":"(anonymous_3)","decl":{"start":{"line":24,"column":45},"end":{"line":24,"column":46}},"loc":{"start":{"line":24,"column":51},"end":{"line":33,"column":5}},"line":24},"4":{"name":"(anonymous_4)","decl":{"start":{"line":25,"column":25},"end":{"line":25,"column":26}},"loc":{"start":{"line":25,"column":34},"end":{"line":32,"column":9}},"line":25},"5":{"name":"(anonymous_5)","decl":{"start":{"line":36,"column":23},"end":{"line":36,"column":24}},"loc":{"start":{"line":36,"column":36},"end":{"line":43,"column":1}},"line":36},"6":{"name":"(anonymous_6)","decl":{"start":{"line":45,"column":25},"end":{"line":45,"column":26}},"loc":{"start":{"line":45,"column":38},"end":{"line":51,"column":1}},"line":45},"7":{"name":"(anonymous_7)","decl":{"start":{"line":53,"column":26},"end":{"line":53,"column":27}},"loc":{"start":{"line":53,"column":39},"end":{"line":70,"column":1}},"line":53},"8":{"name":"(anonymous_8)","decl":{"start":{"line":72,"column":31},"end":{"line":72,"column":32}},"loc":{"start":{"line":72,"column":44},"end":{"line":96,"column":1}},"line":72},"9":{"name":"(anonymous_9)","decl":{"start":{"line":98,"column":34},"end":{"line":98,"column":35}},"loc":{"start":{"line":98,"column":47},"end":{"line":119,"column":1}},"line":98},"10":{"name":"(anonymous_10)","decl":{"start":{"line":121,"column":31},"end":{"line":121,"column":32}},"loc":{"start":{"line":121,"column":44},"end":{"line":130,"column":1}},"line":121}},"branchMap":{"0":{"loc":{"start":{"line":20,"column":4},"end":{"line":22,"column":5}},"type":"if","locations":[{"start":{"line":20,"column":4},"end":{"line":22,"column":5}},{"start":{"line":20,"column":4},"end":{"line":22,"column":5}}],"line":20},"1":{"loc":{"start":{"line":26,"column":12},"end":{"line":31,"column":13}},"type":"if","locations":[{"start":{"line":26,"column":12},"end":{"line":31,"column":13}},{"start":{"line":26,"column":12},"end":{"line":31,"column":13}}],"line":26},"2":{"loc":{"start":{"line":37,"column":4},"end":{"line":41,"column":5}},"type":"if","locations":[{"start":{"line":37,"column":4},"end":{"line":41,"column":5}},{"start":{"line":37,"column":4},"end":{"line":41,"column":5}}],"line":37},"3":{"loc":{"start":{"line":55,"column":4},"end":{"line":66,"column":5}},"type":"if","locations":[{"start":{"line":55,"column":4},"end":{"line":66,"column":5}},{"start":{"line":55,"column":4},"end":{"line":66,"column":5}}],"line":55},"4":{"loc":{"start":{"line":76,"column":4},"end":{"line":93,"column":5}},"type":"if","locations":[{"start":{"line":76,"column":4},"end":{"line":93,"column":5}},{"start":{"line":76,"column":4},"end":{"line":93,"column":5}}],"line":76},"5":{"loc":{"start":{"line":85,"column":8},"end":{"line":92,"column":9}},"type":"if","locations":[{"start":{"line":85,"column":8},"end":{"line":92,"column":9}},{"start":{"line":85,"column":8},"end":{"line":92,"column":9}}],"line":85},"6":{"loc":{"start":{"line":102,"column":4},"end":{"line":114,"column":5}},"type":"if","locations":[{"start":{"line":102,"column":4},"end":{"line":114,"column":5}},{"start":{"line":102,"column":4},"end":{"line":114,"column":5}}],"line":102},"7":{"loc":{"start":{"line":103,"column":8},"end":{"line":111,"column":9}},"type":"if","locations":[{"start":{"line":103,"column":8},"end":{"line":111,"column":9}},{"start":{"line":103,"column":8},"end":{"line":111,"column":9}}],"line":103},"8":{"loc":{"start":{"line":105,"column":12},"end":{"line":108,"column":13}},"type":"if","locations":[{"start":{"line":105,"column":12},"end":{"line":108,"column":13}},{"start":{"line":105,"column":12},"end":{"line":108,"column":13}}],"line":105},"9":{"loc":{"start":{"line":124,"column":4},"end":{"line":129,"column":5}},"type":"if","locations":[{"start":{"line":124,"column":4},"end":{"line":129,"column":5}},{"start":{"line":124,"column":4},"end":{"line":129,"column":5}}],"line":124}},"s":{"0":7,"1":7,"2":7,"3":7,"4":7,"5":5,"6":7,"7":1,"8":1,"9":7,"10":7,"11":7,"12":0,"13":7,"14":7,"15":7,"16":0,"17":7,"18":7,"19":9,"20":4,"21":9,"22":7,"23":5,"24":5,"25":7,"26":4,"27":3,"28":3,"29":3,"30":3,"31":3,"32":3,"33":3,"34":3,"35":3,"36":1,"37":7,"38":1,"39":1,"40":1,"41":1,"42":1,"43":1,"44":1,"45":1,"46":1,"47":1,"48":1,"49":1,"50":0,"51":0,"52":0,"53":7,"54":1,"55":1,"56":1,"57":1,"58":1,"59":1,"60":0,"61":0,"62":0,"63":0,"64":0,"65":0,"66":7,"67":18,"68":18,"69":3,"70":3,"71":15,"72":7},"f":{"0":5,"1":1,"2":7,"3":7,"4":7,"5":9,"6":5,"7":4,"8":1,"9":1,"10":18},"b":{"0":[0,7],"1":[0,7],"2":[4,5],"3":[3,1],"4":[1,0],"5":[1,0],"6":[1,0],"7":[1,0],"8":[1,0],"9":[3,15]},"_coverageSchema":"43e27e138ebf9cfc5966b082cf9a028302ed4184","hash":"82aaa4cb46fb6a7694ef70d9c8e4bc81b5d1dedf"}
,"C:\\Users\\jkr99\\WebProjects\\Movie-db-site\\src\\server\\server.js": {"path":"C:\\Users\\jkr99\\WebProjects\\Movie-db-site\\src\\server\\server.js","statementMap":{"0":{"start":{"line":1,"column":12},"end":{"line":1,"column":28}},"1":{"start":{"line":3,"column":13},"end":{"line":3,"column":37}},"2":{"start":{"line":5,"column":0},"end":{"line":7,"column":2}},"3":{"start":{"line":6,"column":4},"end":{"line":6,"column":50}}},"fnMap":{"0":{"name":"(anonymous_0)","decl":{"start":{"line":5,"column":16},"end":{"line":5,"column":17}},"loc":{"start":{"line":5,"column":22},"end":{"line":7,"column":1}},"line":5}},"branchMap":{"0":{"loc":{"start":{"line":3,"column":13},"end":{"line":3,"column":37}},"type":"binary-expr","locations":[{"start":{"line":3,"column":13},"end":{"line":3,"column":29}},{"start":{"line":3,"column":33},"end":{"line":3,"column":37}}],"line":3}},"s":{"0":0,"1":0,"2":0,"3":0},"f":{"0":0},"b":{"0":[0,0]},"hash":"fe79c1e4515708a12ef78a6d4cf8af0888a79146"}
}
