{"C:\\Users\\jkr99\\WebProjects\\Movie-db-site\\src\\client\\index.jsx": {"path":"C:\\Users\\jkr99\\WebProjects\\Movie-db-site\\src\\client\\index.jsx","statementMap":{"0":{"start":{"line":13,"column":8},"end":{"line":13,"column":20}},"1":{"start":{"line":15,"column":8},"end":{"line":17,"column":9}},"2":{"start":{"line":20,"column":25},"end":{"line":22,"column":5}},"3":{"start":{"line":21,"column":6},"end":{"line":21,"column":40}},"4":{"start":{"line":25,"column":8},"end":{"line":50,"column":9}},"5":{"start":{"line":30,"column":48},"end":{"line":32,"column":101}},"6":{"start":{"line":34,"column":48},"end":{"line":36,"column":102}},"7":{"start":{"line":38,"column":48},"end":{"line":40,"column":100}},"8":{"start":{"line":43,"column":48},"end":{"line":45,"column":100}},"9":{"start":{"line":54,"column":0},"end":{"line":54,"column":55}}},"fnMap":{"0":{"name":"(anonymous_0)","decl":{"start":{"line":12,"column":4},"end":{"line":12,"column":5}},"loc":{"start":{"line":12,"column":23},"end":{"line":18,"column":5}},"line":12},"1":{"name":"(anonymous_1)","decl":{"start":{"line":20,"column":25},"end":{"line":20,"column":26}},"loc":{"start":{"line":20,"column":39},"end":{"line":22,"column":5}},"line":20},"2":{"name":"(anonymous_2)","decl":{"start":{"line":24,"column":4},"end":{"line":24,"column":5}},"loc":{"start":{"line":24,"column":13},"end":{"line":51,"column":5}},"line":24},"3":{"name":"(anonymous_3)","decl":{"start":{"line":30,"column":39},"end":{"line":30,"column":40}},"loc":{"start":{"line":30,"column":48},"end":{"line":32,"column":101}},"line":30},"4":{"name":"(anonymous_4)","decl":{"start":{"line":34,"column":39},"end":{"line":34,"column":40}},"loc":{"start":{"line":34,"column":48},"end":{"line":36,"column":102}},"line":34},"5":{"name":"(anonymous_5)","decl":{"start":{"line":38,"column":39},"end":{"line":38,"column":40}},"loc":{"start":{"line":38,"column":48},"end":{"line":40,"column":100}},"line":38},"6":{"name":"(anonymous_6)","decl":{"start":{"line":43,"column":39},"end":{"line":43,"column":40}},"loc":{"start":{"line":43,"column":48},"end":{"line":45,"column":100}},"line":43}},"branchMap":{},"s":{"0":0,"1":0,"2":0,"3":0,"4":0,"5":0,"6":0,"7":0,"8":0,"9":0},"f":{"0":0,"1":0,"2":0,"3":0,"4":0,"5":0,"6":0},"b":{},"hash":"bc742b509b7707def18bd3252973dc131edf999e"}
,"C:\\Users\\jkr99\\WebProjects\\Movie-db-site\\src\\client\\components\\home.jsx": {"path":"C:\\Users\\jkr99\\WebProjects\\Movie-db-site\\src\\client\\components\\home.jsx","statementMap":{"0":{"start":{"line":12,"column":8},"end":{"line":12,"column":20}},"1":{"start":{"line":14,"column":8},"end":{"line":17,"column":9}},"2":{"start":{"line":21,"column":8},"end":{"line":21,"column":26}},"3":{"start":{"line":22,"column":8},"end":{"line":22,"column":31}},"4":{"start":{"line":25,"column":18},"end":{"line":41,"column":5}},"5":{"start":{"line":26,"column":8},"end":{"line":40,"column":9}},"6":{"start":{"line":28,"column":29},"end":{"line":28,"column":55}},"7":{"start":{"line":29,"column":28},"end":{"line":29,"column":49}},"8":{"start":{"line":31,"column":12},"end":{"line":34,"column":13}},"9":{"start":{"line":32,"column":16},"end":{"line":32,"column":82}},"10":{"start":{"line":33,"column":16},"end":{"line":33,"column":23}},"11":{"start":{"line":36,"column":12},"end":{"line":36,"column":57}},"12":{"start":{"line":39,"column":12},"end":{"line":39,"column":60}},"13":{"start":{"line":45,"column":8},"end":{"line":66,"column":9}},"14":{"start":{"line":60,"column":20},"end":{"line":62,"column":26}}},"fnMap":{"0":{"name":"(anonymous_0)","decl":{"start":{"line":10,"column":4},"end":{"line":10,"column":5}},"loc":{"start":{"line":10,"column":23},"end":{"line":18,"column":5}},"line":10},"1":{"name":"(anonymous_1)","decl":{"start":{"line":20,"column":4},"end":{"line":20,"column":5}},"loc":{"start":{"line":20,"column":24},"end":{"line":23,"column":5}},"line":20},"2":{"name":"(anonymous_2)","decl":{"start":{"line":25,"column":18},"end":{"line":25,"column":19}},"loc":{"start":{"line":25,"column":30},"end":{"line":41,"column":5}},"line":25},"3":{"name":"(anonymous_3)","decl":{"start":{"line":43,"column":4},"end":{"line":43,"column":5}},"loc":{"start":{"line":43,"column":13},"end":{"line":67,"column":5}},"line":43},"4":{"name":"(anonymous_4)","decl":{"start":{"line":59,"column":64},"end":{"line":59,"column":65}},"loc":{"start":{"line":60,"column":20},"end":{"line":62,"column":26}},"line":60}},"branchMap":{"0":{"loc":{"start":{"line":31,"column":12},"end":{"line":34,"column":13}},"type":"if","locations":[{"start":{"line":31,"column":12},"end":{"line":34,"column":13}},{"start":{"line":31,"column":12},"end":{"line":34,"column":13}}],"line":31},"1":{"loc":{"start":{"line":58,"column":24},"end":{"line":58,"column":60}},"type":"binary-expr","locations":[{"start":{"line":58,"column":24},"end":{"line":58,"column":40}},{"start":{"line":58,"column":44},"end":{"line":58,"column":60}}],"line":58},"2":{"loc":{"start":{"line":59,"column":21},"end":{"line":63,"column":21}},"type":"binary-expr","locations":[{"start":{"line":59,"column":21},"end":{"line":59,"column":38}},{"start":{"line":59,"column":42},"end":{"line":63,"column":21}}],"line":59}},"s":{"0":1,"1":1,"2":1,"3":1,"4":1,"5":1,"6":1,"7":1,"8":1,"9":1,"10":1,"11":0,"12":0,"13":2,"14":0},"f":{"0":1,"1":1,"2":1,"3":2,"4":0},"b":{"0":[1,0],"1":[2,1],"2":[2,0]},"_coverageSchema":"43e27e138ebf9cfc5966b082cf9a028302ed4184","hash":"46204fda203078502419a97d5c9dfbc81d4ca735"}
,"C:\\Users\\jkr99\\WebProjects\\Movie-db-site\\src\\client\\components\\login.jsx": {"path":"C:\\Users\\jkr99\\WebProjects\\Movie-db-site\\src\\client\\components\\login.jsx","statementMap":{"0":{"start":{"line":7,"column":8},"end":{"line":7,"column":20}},"1":{"start":{"line":9,"column":8},"end":{"line":13,"column":9}},"2":{"start":{"line":16,"column":21},"end":{"line":18,"column":5}},"3":{"start":{"line":17,"column":8},"end":{"line":17,"column":49}},"4":{"start":{"line":20,"column":21},"end":{"line":22,"column":5}},"5":{"start":{"line":21,"column":8},"end":{"line":21,"column":49}},"6":{"start":{"line":24,"column":12},"end":{"line":56,"column":5}},"7":{"start":{"line":26,"column":21},"end":{"line":26,"column":82}},"8":{"start":{"line":28,"column":8},"end":{"line":52,"column":9}},"9":{"start":{"line":29,"column":29},"end":{"line":36,"column":14}},"10":{"start":{"line":38,"column":12},"end":{"line":41,"column":13}},"11":{"start":{"line":39,"column":16},"end":{"line":39,"column":69}},"12":{"start":{"line":40,"column":16},"end":{"line":40,"column":23}},"13":{"start":{"line":43,"column":12},"end":{"line":48,"column":13}},"14":{"start":{"line":44,"column":16},"end":{"line":44,"column":44}},"15":{"start":{"line":45,"column":16},"end":{"line":45,"column":66}},"16":{"start":{"line":46,"column":16},"end":{"line":46,"column":45}},"17":{"start":{"line":47,"column":16},"end":{"line":47,"column":23}},"18":{"start":{"line":51,"column":12},"end":{"line":51,"column":72}},"19":{"start":{"line":59,"column":8},"end":{"line":68,"column":9}}},"fnMap":{"0":{"name":"(anonymous_0)","decl":{"start":{"line":6,"column":4},"end":{"line":6,"column":5}},"loc":{"start":{"line":6,"column":23},"end":{"line":14,"column":5}},"line":6},"1":{"name":"(anonymous_1)","decl":{"start":{"line":16,"column":21},"end":{"line":16,"column":22}},"loc":{"start":{"line":16,"column":28},"end":{"line":18,"column":5}},"line":16},"2":{"name":"(anonymous_2)","decl":{"start":{"line":20,"column":21},"end":{"line":20,"column":22}},"loc":{"start":{"line":20,"column":28},"end":{"line":22,"column":5}},"line":20},"3":{"name":"(anonymous_3)","decl":{"start":{"line":24,"column":12},"end":{"line":24,"column":13}},"loc":{"start":{"line":24,"column":24},"end":{"line":56,"column":5}},"line":24},"4":{"name":"(anonymous_4)","decl":{"start":{"line":58,"column":4},"end":{"line":58,"column":5}},"loc":{"start":{"line":58,"column":13},"end":{"line":69,"column":5}},"line":58}},"branchMap":{"0":{"loc":{"start":{"line":38,"column":12},"end":{"line":41,"column":13}},"type":"if","locations":[{"start":{"line":38,"column":12},"end":{"line":41,"column":13}},{"start":{"line":38,"column":12},"end":{"line":41,"column":13}}],"line":38},"1":{"loc":{"start":{"line":43,"column":12},"end":{"line":48,"column":13}},"type":"if","locations":[{"start":{"line":43,"column":12},"end":{"line":48,"column":13}},{"start":{"line":43,"column":12},"end":{"line":48,"column":13}}],"line":43},"2":{"loc":{"start":{"line":61,"column":20},"end":{"line":61,"column":56}},"type":"binary-expr","locations":[{"start":{"line":61,"column":20},"end":{"line":61,"column":36}},{"start":{"line":61,"column":40},"end":{"line":61,"column":56}}],"line":61}},"s":{"0":0,"1":0,"2":0,"3":0,"4":0,"5":0,"6":0,"7":0,"8":0,"9":0,"10":0,"11":0,"12":0,"13":0,"14":0,"15":0,"16":0,"17":0,"18":0,"19":0},"f":{"0":0,"1":0,"2":0,"3":0,"4":0},"b":{"0":[0,0],"1":[0,0],"2":[0,0]},"hash":"53d28ff985c309e9f201ed5779e80366bc7befb1"}
,"C:\\Users\\jkr99\\WebProjects\\Movie-db-site\\src\\client\\components\\movie.jsx": {"path":"C:\\Users\\jkr99\\WebProjects\\Movie-db-site\\src\\client\\components\\movie.jsx","statementMap":{"0":{"start":{"line":9,"column":8},"end":{"line":9,"column":20}},"1":{"start":{"line":11,"column":8},"end":{"line":15,"column":9}},"2":{"start":{"line":20,"column":19},"end":{"line":20,"column":71}},"3":{"start":{"line":21,"column":8},"end":{"line":21,"column":23}},"4":{"start":{"line":22,"column":8},"end":{"line":22,"column":28}},"5":{"start":{"line":25,"column":17},"end":{"line":48,"column":5}},"6":{"start":{"line":27,"column":8},"end":{"line":46,"column":9}},"7":{"start":{"line":29,"column":24},"end":{"line":29,"column":43}},"8":{"start":{"line":31,"column":29},"end":{"line":31,"column":45}},"9":{"start":{"line":32,"column":28},"end":{"line":32,"column":49}},"10":{"start":{"line":34,"column":12},"end":{"line":36,"column":13}},"11":{"start":{"line":35,"column":16},"end":{"line":35,"column":55}},"12":{"start":{"line":38,"column":12},"end":{"line":40,"column":13}},"13":{"start":{"line":39,"column":16},"end":{"line":39,"column":97}},"14":{"start":{"line":41,"column":12},"end":{"line":41,"column":32}},"15":{"start":{"line":42,"column":12},"end":{"line":42,"column":43}},"16":{"start":{"line":45,"column":12},"end":{"line":45,"column":39}},"17":{"start":{"line":51,"column":8},"end":{"line":117,"column":9}},"18":{"start":{"line":80,"column":65},"end":{"line":90,"column":36}}},"fnMap":{"0":{"name":"(anonymous_0)","decl":{"start":{"line":8,"column":4},"end":{"line":8,"column":5}},"loc":{"start":{"line":8,"column":23},"end":{"line":17,"column":5}},"line":8},"1":{"name":"(anonymous_1)","decl":{"start":{"line":19,"column":4},"end":{"line":19,"column":5}},"loc":{"start":{"line":19,"column":24},"end":{"line":23,"column":5}},"line":19},"2":{"name":"(anonymous_2)","decl":{"start":{"line":25,"column":17},"end":{"line":25,"column":18}},"loc":{"start":{"line":25,"column":31},"end":{"line":48,"column":5}},"line":25},"3":{"name":"(anonymous_3)","decl":{"start":{"line":50,"column":4},"end":{"line":50,"column":5}},"loc":{"start":{"line":50,"column":13},"end":{"line":118,"column":5}},"line":50},"4":{"name":"(anonymous_4)","decl":{"start":{"line":80,"column":53},"end":{"line":80,"column":54}},"loc":{"start":{"line":80,"column":65},"end":{"line":90,"column":36}},"line":80}},"branchMap":{"0":{"loc":{"start":{"line":34,"column":12},"end":{"line":36,"column":13}},"type":"if","locations":[{"start":{"line":34,"column":12},"end":{"line":36,"column":13}},{"start":{"line":34,"column":12},"end":{"line":36,"column":13}}],"line":34},"1":{"loc":{"start":{"line":38,"column":12},"end":{"line":40,"column":13}},"type":"if","locations":[{"start":{"line":38,"column":12},"end":{"line":40,"column":13}},{"start":{"line":38,"column":12},"end":{"line":40,"column":13}}],"line":38},"2":{"loc":{"start":{"line":53,"column":17},"end":{"line":93,"column":32}},"type":"binary-expr","locations":[{"start":{"line":53,"column":17},"end":{"line":53,"column":33}},{"start":{"line":53,"column":37},"end":{"line":93,"column":32}}],"line":53},"3":{"loc":{"start":{"line":95,"column":25},"end":{"line":114,"column":30}},"type":"binary-expr","locations":[{"start":{"line":95,"column":25},"end":{"line":95,"column":44}},{"start":{"line":95,"column":48},"end":{"line":114,"column":30}}],"line":95}},"s":{"0":0,"1":0,"2":0,"3":0,"4":0,"5":0,"6":0,"7":0,"8":0,"9":0,"10":0,"11":0,"12":0,"13":0,"14":0,"15":0,"16":0,"17":0,"18":0},"f":{"0":0,"1":0,"2":0,"3":0,"4":0},"b":{"0":[0,0],"1":[0,0],"2":[0,0],"3":[0,0]},"hash":"c9921fdf55d7912b7d7230e721074f61ac32c06d"}
,"C:\\Users\\jkr99\\WebProjects\\Movie-db-site\\src\\client\\components\\notfound.jsx": {"path":"C:\\Users\\jkr99\\WebProjects\\Movie-db-site\\src\\client\\components\\notfound.jsx","statementMap":{"0":{"start":{"line":5,"column":8},"end":{"line":9,"column":9}}},"fnMap":{"0":{"name":"(anonymous_0)","decl":{"start":{"line":4,"column":4},"end":{"line":4,"column":5}},"loc":{"start":{"line":4,"column":13},"end":{"line":10,"column":5}},"line":4}},"branchMap":{},"s":{"0":0},"f":{"0":0},"b":{},"hash":"ed0f8c4d43b6bf794740dc290d399224b15f76f7"}
,"C:\\Users\\jkr99\\WebProjects\\Movie-db-site\\src\\client\\components\\signup.jsx": {"path":"C:\\Users\\jkr99\\WebProjects\\Movie-db-site\\src\\client\\components\\signup.jsx","statementMap":{"0":{"start":{"line":6,"column":8},"end":{"line":6,"column":20}},"1":{"start":{"line":8,"column":8},"end":{"line":12,"column":9}},"2":{"start":{"line":15,"column":21},"end":{"line":17,"column":5}},"3":{"start":{"line":16,"column":8},"end":{"line":16,"column":49}},"4":{"start":{"line":19,"column":21},"end":{"line":21,"column":5}},"5":{"start":{"line":20,"column":8},"end":{"line":20,"column":49}},"6":{"start":{"line":23,"column":13},"end":{"line":50,"column":5}},"7":{"start":{"line":24,"column":21},"end":{"line":24,"column":82}},"8":{"start":{"line":25,"column":8},"end":{"line":49,"column":9}},"9":{"start":{"line":26,"column":29},"end":{"line":32,"column":14}},"10":{"start":{"line":34,"column":12},"end":{"line":37,"column":13}},"11":{"start":{"line":35,"column":16},"end":{"line":35,"column":69}},"12":{"start":{"line":36,"column":16},"end":{"line":36,"column":22}},"13":{"start":{"line":38,"column":12},"end":{"line":41,"column":13}},"14":{"start":{"line":39,"column":16},"end":{"line":39,"column":93}},"15":{"start":{"line":40,"column":16},"end":{"line":40,"column":22}},"16":{"start":{"line":43,"column":12},"end":{"line":43,"column":46}},"17":{"start":{"line":44,"column":12},"end":{"line":44,"column":63}},"18":{"start":{"line":45,"column":12},"end":{"line":45,"column":41}},"19":{"start":{"line":48,"column":12},"end":{"line":48,"column":72}},"20":{"start":{"line":53,"column":8},"end":{"line":64,"column":9}}},"fnMap":{"0":{"name":"(anonymous_0)","decl":{"start":{"line":5,"column":4},"end":{"line":5,"column":5}},"loc":{"start":{"line":5,"column":23},"end":{"line":13,"column":5}},"line":5},"1":{"name":"(anonymous_1)","decl":{"start":{"line":15,"column":21},"end":{"line":15,"column":22}},"loc":{"start":{"line":15,"column":28},"end":{"line":17,"column":5}},"line":15},"2":{"name":"(anonymous_2)","decl":{"start":{"line":19,"column":21},"end":{"line":19,"column":22}},"loc":{"start":{"line":19,"column":28},"end":{"line":21,"column":5}},"line":19},"3":{"name":"(anonymous_3)","decl":{"start":{"line":23,"column":13},"end":{"line":23,"column":14}},"loc":{"start":{"line":23,"column":25},"end":{"line":50,"column":5}},"line":23},"4":{"name":"(anonymous_4)","decl":{"start":{"line":52,"column":4},"end":{"line":52,"column":5}},"loc":{"start":{"line":52,"column":13},"end":{"line":65,"column":5}},"line":52}},"branchMap":{"0":{"loc":{"start":{"line":34,"column":12},"end":{"line":37,"column":13}},"type":"if","locations":[{"start":{"line":34,"column":12},"end":{"line":37,"column":13}},{"start":{"line":34,"column":12},"end":{"line":37,"column":13}}],"line":34},"1":{"loc":{"start":{"line":38,"column":12},"end":{"line":41,"column":13}},"type":"if","locations":[{"start":{"line":38,"column":12},"end":{"line":41,"column":13}},{"start":{"line":38,"column":12},"end":{"line":41,"column":13}}],"line":38},"2":{"loc":{"start":{"line":55,"column":17},"end":{"line":55,"column":53}},"type":"binary-expr","locations":[{"start":{"line":55,"column":17},"end":{"line":55,"column":33}},{"start":{"line":55,"column":37},"end":{"line":55,"column":53}}],"line":55}},"s":{"0":0,"1":0,"2":0,"3":0,"4":0,"5":0,"6":0,"7":0,"8":0,"9":0,"10":0,"11":0,"12":0,"13":0,"14":0,"15":0,"16":0,"17":0,"18":0,"19":0,"20":0},"f":{"0":0,"1":0,"2":0,"3":0,"4":0},"b":{"0":[0,0],"1":[0,0],"2":[0,0]},"hash":"b46fcd1bc2c818b5a97ad7d336f4b9de0516c2d9"}
,"C:\\Users\\jkr99\\WebProjects\\Movie-db-site\\src\\server\\app.js": {"path":"C:\\Users\\jkr99\\WebProjects\\Movie-db-site\\src\\server\\app.js","statementMap":{"0":{"start":{"line":1,"column":16},"end":{"line":1,"column":34}},"1":{"start":{"line":2,"column":19},"end":{"line":2,"column":41}},"2":{"start":{"line":3,"column":17},"end":{"line":3,"column":36}},"3":{"start":{"line":4,"column":16},"end":{"line":4,"column":42}},"4":{"start":{"line":5,"column":22},"end":{"line":5,"column":56}},"5":{"start":{"line":6,"column":13},"end":{"line":6,"column":28}},"6":{"start":{"line":7,"column":15},"end":{"line":7,"column":34}},"7":{"start":{"line":8,"column":11},"end":{"line":8,"column":26}},"8":{"start":{"line":11,"column":12},"end":{"line":11,"column":21}},"9":{"start":{"line":13,"column":0},"end":{"line":13,"column":27}},"10":{"start":{"line":14,"column":0},"end":{"line":14,"column":49}},"11":{"start":{"line":15,"column":0},"end":{"line":19,"column":3}},"12":{"start":{"line":22,"column":0},"end":{"line":22,"column":33}},"13":{"start":{"line":25,"column":0},"end":{"line":40,"column":2}},"14":{"start":{"line":31,"column":25},"end":{"line":31,"column":57}},"15":{"start":{"line":33,"column":8},"end":{"line":35,"column":9}},"16":{"start":{"line":34,"column":12},"end":{"line":34,"column":76}},"17":{"start":{"line":37,"column":21},"end":{"line":37,"column":41}},"18":{"start":{"line":38,"column":8},"end":{"line":38,"column":30}},"19":{"start":{"line":42,"column":0},"end":{"line":44,"column":2}},"20":{"start":{"line":43,"column":4},"end":{"line":43,"column":28}},"21":{"start":{"line":46,"column":0},"end":{"line":54,"column":2}},"22":{"start":{"line":47,"column":17},"end":{"line":47,"column":37}},"23":{"start":{"line":49,"column":4},"end":{"line":53,"column":5}},"24":{"start":{"line":50,"column":8},"end":{"line":50,"column":23}},"25":{"start":{"line":52,"column":8},"end":{"line":52,"column":24}},"26":{"start":{"line":56,"column":0},"end":{"line":56,"column":31}},"27":{"start":{"line":57,"column":0},"end":{"line":57,"column":28}},"28":{"start":{"line":59,"column":0},"end":{"line":59,"column":19}},"29":{"start":{"line":61,"column":0},"end":{"line":64,"column":3}},"30":{"start":{"line":62,"column":4},"end":{"line":62,"column":20}},"31":{"start":{"line":63,"column":4},"end":{"line":63,"column":78}},"32":{"start":{"line":66,"column":0},"end":{"line":66,"column":21}}},"fnMap":{"0":{"name":"(anonymous_0)","decl":{"start":{"line":30,"column":4},"end":{"line":30,"column":5}},"loc":{"start":{"line":30,"column":37},"end":{"line":39,"column":5}},"line":30},"1":{"name":"(anonymous_1)","decl":{"start":{"line":42,"column":23},"end":{"line":42,"column":24}},"loc":{"start":{"line":42,"column":42},"end":{"line":44,"column":1}},"line":42},"2":{"name":"(anonymous_2)","decl":{"start":{"line":46,"column":25},"end":{"line":46,"column":26}},"loc":{"start":{"line":46,"column":49},"end":{"line":54,"column":1}},"line":46},"3":{"name":"(anonymous_3)","decl":{"start":{"line":61,"column":8},"end":{"line":61,"column":9}},"loc":{"start":{"line":61,"column":28},"end":{"line":64,"column":1}},"line":61}},"branchMap":{"0":{"loc":{"start":{"line":33,"column":8},"end":{"line":35,"column":9}},"type":"if","locations":[{"start":{"line":33,"column":8},"end":{"line":35,"column":9}},{"start":{"line":33,"column":8},"end":{"line":35,"column":9}}],"line":33},"1":{"loc":{"start":{"line":49,"column":4},"end":{"line":53,"column":5}},"type":"if","locations":[{"start":{"line":49,"column":4},"end":{"line":53,"column":5}},{"start":{"line":49,"column":4},"end":{"line":53,"column":5}}],"line":49}},"s":{"0":2,"1":2,"2":2,"3":2,"4":2,"5":2,"6":2,"7":2,"8":2,"9":2,"10":2,"11":2,"12":2,"13":2,"14":0,"15":0,"16":0,"17":0,"18":0,"19":2,"20":0,"21":2,"22":0,"23":0,"24":0,"25":0,"26":2,"27":2,"28":2,"29":2,"30":0,"31":0,"32":2},"f":{"0":0,"1":0,"2":0,"3":0},"b":{"0":[0,0],"1":[0,0]},"_coverageSchema":"43e27e138ebf9cfc5966b082cf9a028302ed4184","hash":"46b17dd90fc63418f12cfa1285ac2fd4fe7505a2"}
,"C:\\Users\\jkr99\\WebProjects\\Movie-db-site\\src\\server\\db.js": {"path":"C:\\Users\\jkr99\\WebProjects\\Movie-db-site\\src\\server\\db.js","statementMap":{"0":{"start":{"line":1,"column":14},"end":{"line":1,"column":23}},"1":{"start":{"line":2,"column":15},"end":{"line":2,"column":24}},"2":{"start":{"line":6,"column":17},"end":{"line":9,"column":5}},"3":{"start":{"line":11,"column":4},"end":{"line":11,"column":28}},"4":{"start":{"line":13,"column":4},"end":{"line":13,"column":16}},"5":{"start":{"line":17,"column":4},"end":{"line":17,"column":30}},"6":{"start":{"line":22,"column":17},"end":{"line":22,"column":34}},"7":{"start":{"line":24,"column":4},"end":{"line":28,"column":5}},"8":{"start":{"line":25,"column":8},"end":{"line":25,"column":21}},"9":{"start":{"line":27,"column":8},"end":{"line":27,"column":41}},"10":{"start":{"line":33,"column":18},"end":{"line":33,"column":20}},"11":{"start":{"line":35,"column":24},"end":{"line":39,"column":5}},"12":{"start":{"line":41,"column":4},"end":{"line":46,"column":5}},"13":{"start":{"line":42,"column":8},"end":{"line":42,"column":29}},"14":{"start":{"line":43,"column":8},"end":{"line":43,"column":28}},"15":{"start":{"line":45,"column":8},"end":{"line":45,"column":25}},"16":{"start":{"line":48,"column":18},"end":{"line":55,"column":5}},"17":{"start":{"line":57,"column":4},"end":{"line":57,"column":26}},"18":{"start":{"line":58,"column":4},"end":{"line":58,"column":16}},"19":{"start":{"line":62,"column":4},"end":{"line":66,"column":5}},"20":{"start":{"line":63,"column":8},"end":{"line":63,"column":21}},"21":{"start":{"line":65,"column":8},"end":{"line":65,"column":31}},"22":{"start":{"line":70,"column":4},"end":{"line":70,"column":38}},"23":{"start":{"line":75,"column":26},"end":{"line":79,"column":6}},"24":{"start":{"line":81,"column":4},"end":{"line":81,"column":329}},"25":{"start":{"line":82,"column":4},"end":{"line":82,"column":386}},"26":{"start":{"line":83,"column":4},"end":{"line":83,"column":421}},"27":{"start":{"line":84,"column":4},"end":{"line":84,"column":403}},"28":{"start":{"line":85,"column":4},"end":{"line":85,"column":323}},"29":{"start":{"line":86,"column":4},"end":{"line":86,"column":313}},"30":{"start":{"line":87,"column":4},"end":{"line":87,"column":350}},"31":{"start":{"line":88,"column":4},"end":{"line":88,"column":431}},"32":{"start":{"line":89,"column":4},"end":{"line":89,"column":386}},"33":{"start":{"line":90,"column":4},"end":{"line":90,"column":399}},"34":{"start":{"line":91,"column":4},"end":{"line":91,"column":345}},"35":{"start":{"line":92,"column":4},"end":{"line":92,"column":322}},"36":{"start":{"line":96,"column":0},"end":{"line":96,"column":27}},"37":{"start":{"line":97,"column":0},"end":{"line":97,"column":19}},"38":{"start":{"line":98,"column":0},"end":{"line":98,"column":99}}},"fnMap":{"0":{"name":"createUser","decl":{"start":{"line":4,"column":9},"end":{"line":4,"column":19}},"loc":{"start":{"line":4,"column":39},"end":{"line":14,"column":1}},"line":4},"1":{"name":"getUser","decl":{"start":{"line":16,"column":9},"end":{"line":16,"column":16}},"loc":{"start":{"line":16,"column":27},"end":{"line":18,"column":1}},"line":16},"2":{"name":"verifyUser","decl":{"start":{"line":20,"column":9},"end":{"line":20,"column":19}},"loc":{"start":{"line":20,"column":39},"end":{"line":29,"column":1}},"line":20},"3":{"name":"createMovie","decl":{"start":{"line":31,"column":9},"end":{"line":31,"column":20}},"loc":{"start":{"line":31,"column":63},"end":{"line":59,"column":1}},"line":31},"4":{"name":"getMovie","decl":{"start":{"line":61,"column":9},"end":{"line":61,"column":17}},"loc":{"start":{"line":61,"column":24},"end":{"line":67,"column":1}},"line":61},"5":{"name":"getAllMovies","decl":{"start":{"line":69,"column":9},"end":{"line":69,"column":21}},"loc":{"start":{"line":69,"column":24},"end":{"line":71,"column":1}},"line":69},"6":{"name":"addExampleMovies","decl":{"start":{"line":73,"column":9},"end":{"line":73,"column":25}},"loc":{"start":{"line":73,"column":28},"end":{"line":94,"column":1}},"line":73}},"branchMap":{"0":{"loc":{"start":{"line":24,"column":4},"end":{"line":28,"column":5}},"type":"if","locations":[{"start":{"line":24,"column":4},"end":{"line":28,"column":5}},{"start":{"line":24,"column":4},"end":{"line":28,"column":5}}],"line":24},"1":{"loc":{"start":{"line":41,"column":4},"end":{"line":46,"column":5}},"type":"if","locations":[{"start":{"line":41,"column":4},"end":{"line":46,"column":5}},{"start":{"line":41,"column":4},"end":{"line":46,"column":5}}],"line":41},"2":{"loc":{"start":{"line":62,"column":4},"end":{"line":66,"column":5}},"type":"if","locations":[{"start":{"line":62,"column":4},"end":{"line":66,"column":5}},{"start":{"line":62,"column":4},"end":{"line":66,"column":5}}],"line":62}},"s":{"0":2,"1":2,"2":2,"3":2,"4":2,"5":0,"6":0,"7":0,"8":0,"9":0,"10":72,"11":72,"12":72,"13":66,"14":66,"15":6,"16":72,"17":72,"18":72,"19":14,"20":1,"21":13,"22":2,"23":6,"24":6,"25":6,"26":6,"27":6,"28":6,"29":6,"30":6,"31":6,"32":6,"33":6,"34":6,"35":6,"36":2,"37":2,"38":2},"f":{"0":2,"1":0,"2":0,"3":72,"4":14,"5":2,"6":6},"b":{"0":[0,0],"1":[66,6],"2":[1,13]},"_coverageSchema":"43e27e138ebf9cfc5966b082cf9a028302ed4184","hash":"a8cce37ddfb7c98c0b7ff2812a83fb0b70e033a3"}
,"C:\\Users\\jkr99\\WebProjects\\Movie-db-site\\src\\server\\routes.js": {"path":"C:\\Users\\jkr99\\WebProjects\\Movie-db-site\\src\\server\\routes.js","statementMap":{"0":{"start":{"line":1,"column":16},"end":{"line":1,"column":34}},"1":{"start":{"line":2,"column":15},"end":{"line":2,"column":31}},"2":{"start":{"line":3,"column":17},"end":{"line":3,"column":36}},"3":{"start":{"line":4,"column":11},"end":{"line":4,"column":26}},"4":{"start":{"line":7,"column":0},"end":{"line":9,"column":2}},"5":{"start":{"line":8,"column":4},"end":{"line":8,"column":27}},"6":{"start":{"line":11,"column":0},"end":{"line":29,"column":2}},"7":{"start":{"line":13,"column":20},"end":{"line":13,"column":70}},"8":{"start":{"line":14,"column":4},"end":{"line":14,"column":24}},"9":{"start":{"line":15,"column":4},"end":{"line":17,"column":5}},"10":{"start":{"line":16,"column":8},"end":{"line":16,"column":31}},"11":{"start":{"line":19,"column":4},"end":{"line":28,"column":7}},"12":{"start":{"line":20,"column":8},"end":{"line":27,"column":11}},"13":{"start":{"line":21,"column":12},"end":{"line":26,"column":13}},"14":{"start":{"line":23,"column":16},"end":{"line":23,"column":39}},"15":{"start":{"line":25,"column":16},"end":{"line":25,"column":39}},"16":{"start":{"line":31,"column":0},"end":{"line":38,"column":2}},"17":{"start":{"line":32,"column":4},"end":{"line":36,"column":5}},"18":{"start":{"line":33,"column":8},"end":{"line":35,"column":10}},"19":{"start":{"line":37,"column":4},"end":{"line":37,"column":26}},"20":{"start":{"line":40,"column":0},"end":{"line":46,"column":2}},"21":{"start":{"line":42,"column":19},"end":{"line":42,"column":36}},"22":{"start":{"line":44,"column":4},"end":{"line":44,"column":20}},"23":{"start":{"line":48,"column":0},"end":{"line":57,"column":2}},"24":{"start":{"line":50,"column":18},"end":{"line":50,"column":49}},"25":{"start":{"line":51,"column":4},"end":{"line":56,"column":5}},"26":{"start":{"line":52,"column":8},"end":{"line":52,"column":23}},"27":{"start":{"line":53,"column":8},"end":{"line":53,"column":18}},"28":{"start":{"line":55,"column":8},"end":{"line":55,"column":23}},"29":{"start":{"line":59,"column":0},"end":{"line":59,"column":24}}},"fnMap":{"0":{"name":"(anonymous_0)","decl":{"start":{"line":7,"column":56},"end":{"line":7,"column":57}},"loc":{"start":{"line":7,"column":69},"end":{"line":9,"column":1}},"line":7},"1":{"name":"(anonymous_1)","decl":{"start":{"line":11,"column":26},"end":{"line":11,"column":27}},"loc":{"start":{"line":11,"column":44},"end":{"line":29,"column":1}},"line":11},"2":{"name":"(anonymous_2)","decl":{"start":{"line":19,"column":45},"end":{"line":19,"column":46}},"loc":{"start":{"line":19,"column":51},"end":{"line":28,"column":5}},"line":19},"3":{"name":"(anonymous_3)","decl":{"start":{"line":20,"column":25},"end":{"line":20,"column":26}},"loc":{"start":{"line":20,"column":34},"end":{"line":27,"column":9}},"line":20},"4":{"name":"(anonymous_4)","decl":{"start":{"line":31,"column":23},"end":{"line":31,"column":24}},"loc":{"start":{"line":31,"column":36},"end":{"line":38,"column":1}},"line":31},"5":{"name":"(anonymous_5)","decl":{"start":{"line":40,"column":25},"end":{"line":40,"column":26}},"loc":{"start":{"line":40,"column":38},"end":{"line":46,"column":1}},"line":40},"6":{"name":"(anonymous_6)","decl":{"start":{"line":48,"column":31},"end":{"line":48,"column":32}},"loc":{"start":{"line":48,"column":44},"end":{"line":57,"column":1}},"line":48}},"branchMap":{"0":{"loc":{"start":{"line":15,"column":4},"end":{"line":17,"column":5}},"type":"if","locations":[{"start":{"line":15,"column":4},"end":{"line":17,"column":5}},{"start":{"line":15,"column":4},"end":{"line":17,"column":5}}],"line":15},"1":{"loc":{"start":{"line":21,"column":12},"end":{"line":26,"column":13}},"type":"if","locations":[{"start":{"line":21,"column":12},"end":{"line":26,"column":13}},{"start":{"line":21,"column":12},"end":{"line":26,"column":13}}],"line":21},"2":{"loc":{"start":{"line":32,"column":4},"end":{"line":36,"column":5}},"type":"if","locations":[{"start":{"line":32,"column":4},"end":{"line":36,"column":5}},{"start":{"line":32,"column":4},"end":{"line":36,"column":5}}],"line":32},"3":{"loc":{"start":{"line":51,"column":4},"end":{"line":56,"column":5}},"type":"if","locations":[{"start":{"line":51,"column":4},"end":{"line":56,"column":5}},{"start":{"line":51,"column":4},"end":{"line":56,"column":5}}],"line":51}},"s":{"0":2,"1":2,"2":2,"3":2,"4":2,"5":0,"6":2,"7":0,"8":0,"9":0,"10":0,"11":0,"12":0,"13":0,"14":0,"15":0,"16":2,"17":0,"18":0,"19":0,"20":2,"21":2,"22":2,"23":2,"24":14,"25":14,"26":1,"27":1,"28":13,"29":2},"f":{"0":0,"1":0,"2":0,"3":0,"4":0,"5":2,"6":14},"b":{"0":[0,0],"1":[0,0],"2":[0,0],"3":[1,13]},"_coverageSchema":"43e27e138ebf9cfc5966b082cf9a028302ed4184","hash":"c757965f3ace7a4d2ccf98ef9b314729f81f26dd"}
,"C:\\Users\\jkr99\\WebProjects\\Movie-db-site\\src\\server\\server.js": {"path":"C:\\Users\\jkr99\\WebProjects\\Movie-db-site\\src\\server\\server.js","statementMap":{"0":{"start":{"line":1,"column":12},"end":{"line":1,"column":28}},"1":{"start":{"line":3,"column":13},"end":{"line":3,"column":37}},"2":{"start":{"line":5,"column":0},"end":{"line":7,"column":2}},"3":{"start":{"line":6,"column":4},"end":{"line":6,"column":50}}},"fnMap":{"0":{"name":"(anonymous_0)","decl":{"start":{"line":5,"column":16},"end":{"line":5,"column":17}},"loc":{"start":{"line":5,"column":22},"end":{"line":7,"column":1}},"line":5}},"branchMap":{"0":{"loc":{"start":{"line":3,"column":13},"end":{"line":3,"column":37}},"type":"binary-expr","locations":[{"start":{"line":3,"column":13},"end":{"line":3,"column":29}},{"start":{"line":3,"column":33},"end":{"line":3,"column":37}}],"line":3}},"s":{"0":0,"1":0,"2":0,"3":0},"f":{"0":0},"b":{"0":[0,0]},"hash":"fe79c1e4515708a12ef78a6d4cf8af0888a79146"}
}
