TN:
SF:C:\Users\jkr99\WebProjects\Movie-db-site\src\client\index.jsx
FN:15,(anonymous_0)
FN:23,(anonymous_1)
FN:27,(anonymous_2)
FN:33,(anonymous_3)
FN:37,(anonymous_4)
FN:41,(anonymous_5)
FN:45,(anonymous_6)
FN:49,(anonymous_7)
FN:54,(anonymous_8)
FNF:9
FNH:0
FNDA:0,(anonymous_0)
FNDA:0,(anonymous_1)
FNDA:0,(anonymous_2)
FNDA:0,(anonymous_3)
FNDA:0,(anonymous_4)
FNDA:0,(anonymous_5)
FNDA:0,(anonymous_6)
FNDA:0,(anonymous_7)
FNDA:0,(anonymous_8)
DA:16,0
DA:18,0
DA:23,0
DA:24,0
DA:28,0
DA:33,0
DA:37,0
DA:41,0
DA:45,0
DA:49,0
DA:54,0
DA:65,0
LF:12
LH:0
BRF:0
BRH:0
end_of_record
TN:
SF:C:\Users\jkr99\WebProjects\Movie-db-site\src\client\components\addMovie.jsx
FN:12,(anonymous_0)
FN:21,(anonymous_1)
FN:60,(anonymous_2)
FN:71,(anonymous_3)
FN:84,(anonymous_4)
FNF:5
FNH:4
FNDA:2,(anonymous_0)
FNDA:0,(anonymous_1)
FNDA:1,(anonymous_2)
FNDA:1,(anonymous_3)
FNDA:2,(anonymous_4)
DA:13,2
DA:15,2
DA:21,2
DA:23,0
DA:33,0
DA:34,0
DA:42,0
DA:45,0
DA:46,0
DA:47,0
DA:49,0
DA:50,0
DA:51,0
DA:53,0
DA:54,0
DA:55,0
DA:60,2
DA:61,1
DA:71,2
DA:72,1
DA:88,2
DA:89,0
DA:90,0
DA:91,2
DA:92,1
DA:94,1
DA:97,2
LF:27
LH:12
BRDA:45,0,0,0
BRDA:45,0,1,0
BRDA:49,1,0,0
BRDA:49,1,1,0
BRDA:53,2,0,0
BRDA:53,2,1,0
BRDA:88,3,0,0
BRDA:88,3,1,2
BRDA:91,4,0,1
BRDA:91,4,1,1
BRF:10
BRH:3
end_of_record
TN:
SF:C:\Users\jkr99\WebProjects\Movie-db-site\src\client\components\editMovie.jsx
FN:12,(anonymous_0)
FN:27,(anonymous_1)
FN:33,(anonymous_2)
FN:72,(anonymous_3)
FN:114,(anonymous_4)
FN:129,(anonymous_5)
FN:142,(anonymous_6)
FNF:7
FNH:5
FNDA:1,(anonymous_0)
FNDA:1,(anonymous_1)
FNDA:1,(anonymous_2)
FNDA:0,(anonymous_3)
FNDA:0,(anonymous_4)
FNDA:2,(anonymous_5)
FNDA:3,(anonymous_6)
DA:13,1
DA:15,1
DA:28,1
DA:29,1
DA:30,1
DA:33,1
DA:38,1
DA:40,1
DA:42,1
DA:43,1
DA:46,0
DA:47,0
DA:51,1
DA:52,0
DA:53,0
DA:56,1
DA:57,1
DA:58,1
DA:61,0
DA:72,1
DA:74,0
DA:83,0
DA:84,0
DA:93,0
DA:96,0
DA:97,0
DA:98,0
DA:101,0
DA:102,0
DA:103,0
DA:104,0
DA:107,0
DA:108,0
DA:109,0
DA:114,1
DA:115,0
DA:129,1
DA:130,2
DA:145,3
DA:146,1
DA:147,2
DA:148,2
DA:150,0
DA:153,3
LF:44
LH:23
BRDA:51,0,0,0
BRDA:51,0,1,1
BRDA:56,1,0,1
BRDA:56,1,1,0
BRDA:96,2,0,0
BRDA:96,2,1,0
BRDA:101,3,0,0
BRDA:101,3,1,0
BRDA:107,4,0,0
BRDA:107,4,1,0
BRDA:145,5,0,1
BRDA:145,5,1,2
BRDA:147,6,0,2
BRDA:147,6,1,0
BRF:14
BRH:5
end_of_record
TN:
SF:C:\Users\jkr99\WebProjects\Movie-db-site\src\client\components\header.jsx
FN:12,(anonymous_0)
FN:20,(anonymous_1)
FN:24,(anonymous_2)
FN:54,(anonymous_3)
FN:78,(anonymous_4)
FN:86,(anonymous_5)
FNF:6
FNH:4
FNDA:10,(anonymous_0)
FNDA:10,(anonymous_1)
FNDA:10,(anonymous_2)
FNDA:0,(anonymous_3)
FNDA:0,(anonymous_4)
FNDA:24,(anonymous_5)
DA:13,10
DA:15,10
DA:21,10
DA:24,10
DA:29,10
DA:30,10
DA:31,7
DA:33,3
DA:34,3
DA:37,7
DA:38,0
DA:39,0
DA:42,7
DA:43,2
DA:44,2
DA:47,5
DA:48,2
DA:49,2
DA:54,10
DA:57,0
DA:58,0
DA:62,0
DA:65,0
DA:66,0
DA:69,0
DA:70,0
DA:73,0
DA:74,0
DA:78,10
DA:79,0
DA:80,0
DA:82,0
DA:88,24
LF:33
LH:19
BRDA:37,0,0,0
BRDA:37,0,1,7
BRDA:42,1,0,2
BRDA:42,1,1,5
BRDA:47,2,0,2
BRDA:47,2,1,3
BRDA:65,3,0,0
BRDA:65,3,1,0
BRDA:69,4,0,0
BRDA:69,4,1,0
BRDA:73,5,0,0
BRDA:73,5,1,0
BRDA:79,6,0,0
BRDA:79,6,1,0
BRDA:102,7,0,17
BRDA:102,7,1,7
BRF:16
BRH:7
end_of_record
TN:
SF:C:\Users\jkr99\WebProjects\Movie-db-site\src\client\components\home.jsx
FN:11,(anonymous_0)
FN:21,(anonymous_1)
FN:25,(anonymous_2)
FN:29,(anonymous_3)
FN:53,(anonymous_4)
FN:65,(anonymous_5)
FNF:6
FNH:5
FNDA:3,(anonymous_0)
FNDA:3,(anonymous_1)
FNDA:0,(anonymous_2)
FNDA:3,(anonymous_3)
FNDA:6,(anonymous_4)
FNDA:13,(anonymous_5)
DA:13,3
DA:15,3
DA:22,3
DA:26,0
DA:29,3
DA:34,3
DA:35,3
DA:36,3
DA:38,0
DA:41,3
DA:42,2
DA:47,1
DA:48,1
DA:57,6
DA:58,1
DA:59,5
DA:60,3
DA:62,2
DA:66,13
DA:74,6
LF:20
LH:18
BRDA:41,0,0,2
BRDA:41,0,1,1
BRDA:57,1,0,1
BRDA:57,1,1,5
BRDA:59,2,0,3
BRDA:59,2,1,2
BRDA:59,3,0,5
BRDA:59,3,1,2
BRDA:65,4,0,2
BRDA:65,4,1,2
BRF:10
BRH:10
end_of_record
TN:
SF:C:\Users\jkr99\WebProjects\Movie-db-site\src\client\components\login.jsx
FN:11,(anonymous_0)
FN:21,(anonymous_1)
FN:25,(anonymous_2)
FN:29,(anonymous_3)
FN:63,(anonymous_4)
FNF:5
FNH:0
FNDA:0,(anonymous_0)
FNDA:0,(anonymous_1)
FNDA:0,(anonymous_2)
FNDA:0,(anonymous_3)
FNDA:0,(anonymous_4)
DA:12,0
DA:14,0
DA:21,0
DA:22,0
DA:25,0
DA:26,0
DA:29,0
DA:31,0
DA:33,0
DA:34,0
DA:43,0
DA:44,0
DA:45,0
DA:48,0
DA:49,0
DA:50,0
DA:51,0
DA:52,0
DA:56,0
DA:64,0
LF:20
LH:0
BRDA:43,0,0,0
BRDA:43,0,1,0
BRDA:48,1,0,0
BRDA:48,1,1,0
BRDA:70,2,0,0
BRDA:70,2,1,0
BRF:6
BRH:0
end_of_record
TN:
SF:C:\Users\jkr99\WebProjects\Movie-db-site\src\client\components\movie.jsx
FN:11,(anonymous_0)
FN:22,(anonymous_1)
FN:28,(anonymous_2)
FN:67,(anonymous_3)
FN:96,(anonymous_4)
FN:137,(anonymous_5)
FNF:6
FNH:5
FNDA:3,(anonymous_0)
FNDA:3,(anonymous_1)
FNDA:0,(anonymous_2)
FNDA:3,(anonymous_3)
FNDA:9,(anonymous_4)
FNDA:1,(anonymous_5)
DA:12,3
DA:14,3
DA:23,3
DA:25,3
DA:28,3
DA:32,0
DA:33,0
DA:38,0
DA:39,0
DA:42,0
DA:43,0
DA:44,0
DA:47,0
DA:48,0
DA:49,0
DA:52,0
DA:53,0
DA:54,0
DA:57,0
DA:58,0
DA:59,0
DA:62,0
DA:63,0
DA:67,3
DA:72,3
DA:74,3
DA:76,3
DA:77,3
DA:80,0
DA:84,3
DA:85,1
DA:88,3
DA:89,2
DA:92,3
DA:97,9
DA:137,1
LF:36
LH:17
BRDA:42,0,0,0
BRDA:42,0,1,0
BRDA:47,1,0,0
BRDA:47,1,1,0
BRDA:52,2,0,0
BRDA:52,2,1,0
BRDA:57,3,0,0
BRDA:57,3,1,0
BRDA:84,4,0,1
BRDA:84,4,1,2
BRDA:88,5,0,2
BRDA:88,5,1,1
BRDA:104,6,0,9
BRDA:104,6,1,5
BRDA:106,7,0,9
BRDA:106,7,1,3
BRDA:124,8,0,3
BRDA:124,8,1,3
BRDA:137,9,0,3
BRDA:137,9,1,1
BRDA:152,10,0,3
BRDA:152,10,1,3
BRF:22
BRH:14
end_of_record
TN:
SF:C:\Users\jkr99\WebProjects\Movie-db-site\src\client\components\movieForm.jsx
FN:11,(anonymous_0)
FN:26,(anonymous_1)
FN:43,(anonymous_2)
FN:47,(anonymous_3)
FN:51,(anonymous_4)
FN:55,(anonymous_5)
FN:59,(anonymous_6)
FN:63,(anonymous_7)
FN:109,(anonymous_8)
FN:115,(anonymous_9)
FN:128,(anonymous_10)
FNF:11
FNH:4
FNDA:3,(anonymous_0)
FNDA:3,(anonymous_1)
FNDA:0,(anonymous_2)
FNDA:0,(anonymous_3)
FNDA:0,(anonymous_4)
FNDA:0,(anonymous_5)
FNDA:0,(anonymous_6)
FNDA:4,(anonymous_7)
FNDA:0,(anonymous_8)
FNDA:0,(anonymous_9)
FNDA:4,(anonymous_10)
DA:12,3
DA:14,3
DA:28,3
DA:29,1
DA:43,3
DA:44,0
DA:47,3
DA:48,0
DA:51,3
DA:52,0
DA:55,3
DA:56,0
DA:59,3
DA:60,0
DA:63,3
DA:64,4
DA:109,0
DA:115,3
DA:116,0
DA:131,4
DA:132,0
DA:133,0
DA:134,4
DA:135,0
DA:137,4
DA:140,4
LF:26
LH:16
BRDA:28,0,0,1
BRDA:28,0,1,2
BRDA:131,1,0,0
BRDA:131,1,1,4
BRDA:134,2,0,0
BRDA:134,2,1,4
BRF:6
BRH:4
end_of_record
TN:
SF:C:\Users\jkr99\WebProjects\Movie-db-site\src\client\components\notfound.jsx
FN:4,(anonymous_0)
FNF:1
FNH:0
FNDA:0,(anonymous_0)
DA:5,0
LF:1
LH:0
BRF:0
BRH:0
end_of_record
TN:
SF:C:\Users\jkr99\WebProjects\Movie-db-site\src\client\components\signup.jsx
FN:12,(anonymous_0)
FN:22,(anonymous_1)
FN:26,(anonymous_2)
FN:30,(anonymous_3)
FN:59,(anonymous_4)
FNF:5
FNH:0
FNDA:0,(anonymous_0)
FNDA:0,(anonymous_1)
FNDA:0,(anonymous_2)
FNDA:0,(anonymous_3)
FNDA:0,(anonymous_4)
DA:13,0
DA:15,0
DA:22,0
DA:23,0
DA:26,0
DA:27,0
DA:30,0
DA:31,0
DA:32,0
DA:33,0
DA:41,0
DA:42,0
DA:43,0
DA:45,0
DA:46,0
DA:47,0
DA:50,0
DA:51,0
DA:52,0
DA:55,0
DA:60,0
LF:21
LH:0
BRDA:41,0,0,0
BRDA:41,0,1,0
BRDA:45,1,0,0
BRDA:45,1,1,0
BRDA:67,2,0,0
BRDA:67,2,1,0
BRF:6
BRH:0
end_of_record
TN:
SF:C:\Users\jkr99\WebProjects\Movie-db-site\src\server\app.js
FN:30,(anonymous_0)
FN:42,(anonymous_1)
FN:46,(anonymous_2)
FN:61,(anonymous_3)
FNF:4
FNH:3
FNDA:13,(anonymous_0)
FNDA:12,(anonymous_1)
FNDA:12,(anonymous_2)
FNDA:0,(anonymous_3)
DA:1,7
DA:2,7
DA:3,7
DA:4,7
DA:5,7
DA:6,7
DA:7,7
DA:8,7
DA:11,7
DA:13,7
DA:14,7
DA:15,7
DA:22,7
DA:25,7
DA:31,13
DA:33,13
DA:34,1
DA:37,12
DA:38,12
DA:42,7
DA:43,12
DA:46,7
DA:47,12
DA:49,12
DA:50,12
DA:52,0
DA:56,7
DA:57,7
DA:59,7
DA:61,7
DA:62,0
DA:65,7
LF:32
LH:30
BRDA:33,0,0,1
BRDA:33,0,1,12
BRDA:49,1,0,12
BRDA:49,1,1,0
BRF:4
BRH:3
end_of_record
TN:
SF:C:\Users\jkr99\WebProjects\Movie-db-site\src\server\db.js
FN:4,createUser
FN:16,getUser
FN:20,verifyUser
FN:31,createMovie
FN:61,getMovie
FN:69,deleteMovie
FN:73,getAllMovies
FN:77,addExampleMovies
FNF:8
FNH:8
FNDA:14,createUser
FNDA:37,getUser
FNDA:13,verifyUser
FNDA:220,createMovie
FNDA:18,getMovie
FNDA:2,deleteMovie
FNDA:6,getAllMovies
FNDA:18,addExampleMovies
DA:1,7
DA:2,7
DA:6,14
DA:11,14
DA:13,14
DA:17,37
DA:22,13
DA:24,13
DA:25,1
DA:27,12
DA:33,220
DA:35,220
DA:41,220
DA:42,202
DA:43,202
DA:45,18
DA:48,220
DA:57,220
DA:58,220
DA:62,18
DA:63,3
DA:65,15
DA:70,2
DA:74,6
DA:79,18
DA:85,18
DA:86,18
DA:87,18
DA:88,18
DA:89,18
DA:90,18
DA:91,18
DA:92,18
DA:93,18
DA:94,18
DA:95,18
DA:96,18
DA:97,18
DA:100,7
DA:101,7
DA:102,7
LF:41
LH:41
BRDA:24,0,0,1
BRDA:24,0,1,12
BRDA:41,1,0,202
BRDA:41,1,1,18
BRDA:62,2,0,3
BRDA:62,2,1,15
BRF:6
BRH:6
end_of_record
TN:
SF:C:\Users\jkr99\WebProjects\Movie-db-site\src\server\routes.js
FN:7,(anonymous_0)
FN:11,(anonymous_1)
FN:16,(anonymous_2)
FN:24,(anonymous_3)
FN:25,(anonymous_4)
FN:36,(anonymous_5)
FN:45,(anonymous_6)
FN:53,(anonymous_7)
FN:72,(anonymous_8)
FN:98,(anonymous_9)
FN:121,(anonymous_10)
FNF:11
FNH:11
FNDA:5,(anonymous_0)
FNDA:1,(anonymous_1)
FNDA:7,(anonymous_2)
FNDA:7,(anonymous_3)
FNDA:7,(anonymous_4)
FNDA:9,(anonymous_5)
FNDA:5,(anonymous_6)
FNDA:4,(anonymous_7)
FNDA:1,(anonymous_8)
FNDA:1,(anonymous_9)
FNDA:18,(anonymous_10)
DA:1,7
DA:2,7
DA:3,7
DA:4,7
DA:7,7
DA:8,5
DA:11,7
DA:12,1
DA:13,1
DA:16,7
DA:18,7
DA:20,7
DA:21,0
DA:24,7
DA:25,7
DA:26,7
DA:28,0
DA:30,7
DA:36,7
DA:37,9
DA:38,4
DA:42,9
DA:45,7
DA:47,5
DA:49,5
DA:53,7
DA:55,4
DA:56,3
DA:57,3
DA:58,3
DA:59,3
DA:60,3
DA:61,3
DA:63,3
DA:64,3
DA:65,3
DA:68,1
DA:72,7
DA:74,1
DA:76,1
DA:78,1
DA:79,1
DA:80,1
DA:81,1
DA:82,1
DA:83,1
DA:85,1
DA:86,1
DA:87,1
DA:88,1
DA:90,0
DA:91,0
DA:94,0
DA:98,7
DA:100,1
DA:102,1
DA:103,1
DA:105,1
DA:106,1
DA:107,1
DA:109,0
DA:110,0
DA:112,0
DA:113,0
DA:115,0
DA:116,0
DA:121,7
DA:123,18
DA:124,18
DA:125,3
DA:126,3
DA:128,15
DA:132,7
LF:73
LH:62
BRDA:20,0,0,0
BRDA:20,0,1,7
BRDA:26,1,0,0
BRDA:26,1,1,7
BRDA:37,2,0,4
BRDA:37,2,1,5
BRDA:55,3,0,3
BRDA:55,3,1,1
BRDA:76,4,0,1
BRDA:76,4,1,0
BRDA:85,5,0,1
BRDA:85,5,1,0
BRDA:102,6,0,1
BRDA:102,6,1,0
BRDA:103,7,0,1
BRDA:103,7,1,0
BRDA:105,8,0,1
BRDA:105,8,1,0
BRDA:124,9,0,3
BRDA:124,9,1,15
BRF:20
BRH:13
end_of_record
TN:
SF:C:\Users\jkr99\WebProjects\Movie-db-site\src\server\server.js
FN:5,(anonymous_0)
FNF:1
FNH:0
FNDA:0,(anonymous_0)
DA:1,0
DA:3,0
DA:5,0
DA:6,0
LF:4
LH:0
BRDA:3,0,0,0
BRDA:3,0,1,0
BRF:2
BRH:0
end_of_record
