TN:
SF:C:\Users\jkr99\WebProjects\Movie-db-site\src\client\index.jsx
FN:12,(anonymous_0)
FN:20,(anonymous_1)
FN:24,(anonymous_2)
FN:30,(anonymous_3)
FN:34,(anonymous_4)
FN:38,(anonymous_5)
FN:43,(anonymous_6)
FNF:7
FNH:0
FNDA:0,(anonymous_0)
FNDA:0,(anonymous_1)
FNDA:0,(anonymous_2)
FNDA:0,(anonymous_3)
FNDA:0,(anonymous_4)
FNDA:0,(anonymous_5)
FNDA:0,(anonymous_6)
DA:13,0
DA:15,0
DA:20,0
DA:21,0
DA:25,0
DA:30,0
DA:34,0
DA:38,0
DA:43,0
DA:54,0
LF:10
LH:0
BRF:0
BRH:0
end_of_record
TN:
SF:C:\Users\jkr99\WebProjects\Movie-db-site\src\client\components\home.jsx
FN:10,(anonymous_0)
FN:20,(anonymous_1)
FN:25,(anonymous_2)
FN:43,(anonymous_3)
FN:59,(anonymous_4)
FNF:5
FNH:4
FNDA:1,(anonymous_0)
FNDA:1,(anonymous_1)
FNDA:1,(anonymous_2)
FNDA:2,(anonymous_3)
FNDA:0,(anonymous_4)
DA:12,1
DA:14,1
DA:21,1
DA:22,1
DA:25,1
DA:26,1
DA:28,1
DA:29,1
DA:31,1
DA:32,1
DA:33,1
DA:36,0
DA:39,0
DA:45,2
DA:60,0
LF:15
LH:12
BRDA:31,0,0,1
BRDA:31,0,1,0
BRDA:58,1,0,2
BRDA:58,1,1,1
BRDA:59,2,0,2
BRDA:59,2,1,0
BRF:6
BRH:4
end_of_record
TN:
SF:C:\Users\jkr99\WebProjects\Movie-db-site\src\client\components\login.jsx
FN:6,(anonymous_0)
FN:16,(anonymous_1)
FN:20,(anonymous_2)
FN:24,(anonymous_3)
FN:58,(anonymous_4)
FNF:5
FNH:0
FNDA:0,(anonymous_0)
FNDA:0,(anonymous_1)
FNDA:0,(anonymous_2)
FNDA:0,(anonymous_3)
FNDA:0,(anonymous_4)
DA:7,0
DA:9,0
DA:16,0
DA:17,0
DA:20,0
DA:21,0
DA:24,0
DA:26,0
DA:28,0
DA:29,0
DA:38,0
DA:39,0
DA:40,0
DA:43,0
DA:44,0
DA:45,0
DA:46,0
DA:47,0
DA:51,0
DA:59,0
LF:20
LH:0
BRDA:38,0,0,0
BRDA:38,0,1,0
BRDA:43,1,0,0
BRDA:43,1,1,0
BRDA:61,2,0,0
BRDA:61,2,1,0
BRF:6
BRH:0
end_of_record
TN:
SF:C:\Users\jkr99\WebProjects\Movie-db-site\src\client\components\movie.jsx
FN:8,(anonymous_0)
FN:19,(anonymous_1)
FN:25,(anonymous_2)
FN:50,(anonymous_3)
FN:80,(anonymous_4)
FNF:5
FNH:0
FNDA:0,(anonymous_0)
FNDA:0,(anonymous_1)
FNDA:0,(anonymous_2)
FNDA:0,(anonymous_3)
FNDA:0,(anonymous_4)
DA:9,0
DA:11,0
DA:20,0
DA:21,0
DA:22,0
DA:25,0
DA:27,0
DA:29,0
DA:31,0
DA:32,0
DA:34,0
DA:35,0
DA:38,0
DA:39,0
DA:41,0
DA:42,0
DA:45,0
DA:51,0
DA:80,0
LF:19
LH:0
BRDA:34,0,0,0
BRDA:34,0,1,0
BRDA:38,1,0,0
BRDA:38,1,1,0
BRDA:53,2,0,0
BRDA:53,2,1,0
BRDA:95,3,0,0
BRDA:95,3,1,0
BRF:8
BRH:0
end_of_record
TN:
SF:C:\Users\jkr99\WebProjects\Movie-db-site\src\client\components\notfound.jsx
FN:4,(anonymous_0)
FNF:1
FNH:0
FNDA:0,(anonymous_0)
DA:5,0
LF:1
LH:0
BRF:0
BRH:0
end_of_record
TN:
SF:C:\Users\jkr99\WebProjects\Movie-db-site\src\client\components\signup.jsx
FN:5,(anonymous_0)
FN:15,(anonymous_1)
FN:19,(anonymous_2)
FN:23,(anonymous_3)
FN:52,(anonymous_4)
FNF:5
FNH:0
FNDA:0,(anonymous_0)
FNDA:0,(anonymous_1)
FNDA:0,(anonymous_2)
FNDA:0,(anonymous_3)
FNDA:0,(anonymous_4)
DA:6,0
DA:8,0
DA:15,0
DA:16,0
DA:19,0
DA:20,0
DA:23,0
DA:24,0
DA:25,0
DA:26,0
DA:34,0
DA:35,0
DA:36,0
DA:38,0
DA:39,0
DA:40,0
DA:43,0
DA:44,0
DA:45,0
DA:48,0
DA:53,0
LF:21
LH:0
BRDA:34,0,0,0
BRDA:34,0,1,0
BRDA:38,1,0,0
BRDA:38,1,1,0
BRDA:55,2,0,0
BRDA:55,2,1,0
BRF:6
BRH:0
end_of_record
TN:
SF:C:\Users\jkr99\WebProjects\Movie-db-site\src\server\app.js
FN:30,(anonymous_0)
FN:42,(anonymous_1)
FN:46,(anonymous_2)
FN:61,(anonymous_3)
FNF:4
FNH:0
FNDA:0,(anonymous_0)
FNDA:0,(anonymous_1)
FNDA:0,(anonymous_2)
FNDA:0,(anonymous_3)
DA:1,2
DA:2,2
DA:3,2
DA:4,2
DA:5,2
DA:6,2
DA:7,2
DA:8,2
DA:11,2
DA:13,2
DA:14,2
DA:15,2
DA:22,2
DA:25,2
DA:31,0
DA:33,0
DA:34,0
DA:37,0
DA:38,0
DA:42,2
DA:43,0
DA:46,2
DA:47,0
DA:49,0
DA:50,0
DA:52,0
DA:56,2
DA:57,2
DA:59,2
DA:61,2
DA:62,0
DA:63,0
DA:66,2
LF:33
LH:21
BRDA:33,0,0,0
BRDA:33,0,1,0
BRDA:49,1,0,0
BRDA:49,1,1,0
BRF:4
BRH:0
end_of_record
TN:
SF:C:\Users\jkr99\WebProjects\Movie-db-site\src\server\db.js
FN:4,createUser
FN:16,getUser
FN:20,verifyUser
FN:31,createMovie
FN:61,getMovie
FN:69,getAllMovies
FN:73,addExampleMovies
FNF:7
FNH:5
FNDA:2,createUser
FNDA:0,getUser
FNDA:0,verifyUser
FNDA:72,createMovie
FNDA:14,getMovie
FNDA:2,getAllMovies
FNDA:6,addExampleMovies
DA:1,2
DA:2,2
DA:6,2
DA:11,2
DA:13,2
DA:17,0
DA:22,0
DA:24,0
DA:25,0
DA:27,0
DA:33,72
DA:35,72
DA:41,72
DA:42,66
DA:43,66
DA:45,6
DA:48,72
DA:57,72
DA:58,72
DA:62,14
DA:63,1
DA:65,13
DA:70,2
DA:75,6
DA:81,6
DA:82,6
DA:83,6
DA:84,6
DA:85,6
DA:86,6
DA:87,6
DA:88,6
DA:89,6
DA:90,6
DA:91,6
DA:92,6
DA:96,2
DA:97,2
DA:98,2
LF:39
LH:34
BRDA:24,0,0,0
BRDA:24,0,1,0
BRDA:41,1,0,66
BRDA:41,1,1,6
BRDA:62,2,0,1
BRDA:62,2,1,13
BRF:6
BRH:4
end_of_record
TN:
SF:C:\Users\jkr99\WebProjects\Movie-db-site\src\server\routes.js
FN:7,(anonymous_0)
FN:11,(anonymous_1)
FN:19,(anonymous_2)
FN:20,(anonymous_3)
FN:31,(anonymous_4)
FN:40,(anonymous_5)
FN:48,(anonymous_6)
FNF:7
FNH:2
FNDA:0,(anonymous_0)
FNDA:0,(anonymous_1)
FNDA:0,(anonymous_2)
FNDA:0,(anonymous_3)
FNDA:0,(anonymous_4)
FNDA:2,(anonymous_5)
FNDA:14,(anonymous_6)
DA:1,2
DA:2,2
DA:3,2
DA:4,2
DA:7,2
DA:8,0
DA:11,2
DA:13,0
DA:14,0
DA:15,0
DA:16,0
DA:19,0
DA:20,0
DA:21,0
DA:23,0
DA:25,0
DA:31,2
DA:32,0
DA:33,0
DA:37,0
DA:40,2
DA:42,2
DA:44,2
DA:48,2
DA:50,14
DA:51,14
DA:52,1
DA:53,1
DA:55,13
DA:59,2
LF:30
LH:17
BRDA:15,0,0,0
BRDA:15,0,1,0
BRDA:21,1,0,0
BRDA:21,1,1,0
BRDA:32,2,0,0
BRDA:32,2,1,0
BRDA:51,3,0,1
BRDA:51,3,1,13
BRF:8
BRH:2
end_of_record
TN:
SF:C:\Users\jkr99\WebProjects\Movie-db-site\src\server\server.js
FN:5,(anonymous_0)
FNF:1
FNH:0
FNDA:0,(anonymous_0)
DA:1,0
DA:3,0
DA:5,0
DA:6,0
LF:4
LH:0
BRDA:3,0,0,0
BRDA:3,0,1,0
BRF:2
BRH:0
end_of_record
